--- Log opened Sa Dez 28 13:49:49 2013
13:49 ChanServ (ChanServ@services.) [#bspwm] "Welcome to the bspwm support channel. Mailing list:'bspwm at librelist.com', Tutorial: 'https://github.com/windelicato/dotfiles/wiki/bspwm-for-dummies'"
--- Log closed Sa Dez 28 13:55:14 2013
--- Log opened Sa Dez 28 16:55:40 2013
16:55 ChanServ (ChanServ@services.) [#bspwm] "Welcome to the bspwm support channel. Mailing list:'bspwm at librelist.com', Tutorial: 'https://github.com/windelicato/dotfiles/wiki/bspwm-for-dummies'"
--- Log closed Sa Dez 28 17:01:39 2013
--- Log opened Sa Dez 28 23:57:36 2013
23:57 ChanServ (ChanServ@services.) [#bspwm] "Welcome to the bspwm support channel. Mailing list:'bspwm at librelist.com', Tutorial: 'https://github.com/windelicato/dotfiles/wiki/bspwm-for-dummies'"
--- Log closed So Dez 29 00:02:41 2013
--- Log opened Mo Dez 30 21:23:59 2013
21:23 ChanServ (ChanServ@services.) [#bspwm] "Welcome to the bspwm support channel. Mailing list:'bspwm at librelist.com', Tutorial: 'https://github.com/windelicato/dotfiles/wiki/bspwm-for-dummies'"
--- Log closed Mo Dez 30 21:29:48 2013
--- Log opened Di Dez 31 00:27:14 2013
00:27 ChanServ (ChanServ@services.) [#bspwm] "Welcome to the bspwm support channel. Mailing list:'bspwm at librelist.com', Tutorial: 'https://github.com/windelicato/dotfiles/wiki/bspwm-for-dummies'"
--- Log closed Di Dez 31 00:32:28 2013
--- Log opened Mi Jan 01 01:06:29 2014
01:06 ChanServ (ChanServ@services.) [#bspwm] "Welcome to the bspwm support channel. Mailing list:'bspwm at librelist.com', Tutorial: 'https://github.com/windelicato/dotfiles/wiki/bspwm-for-dummies'"
--- Log closed Mi Jan 01 01:11:49 2014
--- Log opened Do Jan 02 21:29:06 2014
21:29 ChanServ (ChanServ@services.) [#bspwm] "Welcome to the bspwm support channel. Mailing list:'bspwm at librelist.com', Tutorial: 'https://github.com/windelicato/dotfiles/wiki/bspwm-for-dummies'"
--- Log closed Do Jan 02 21:34:27 2014
--- Log opened Fr Jan 03 17:26:26 2014
17:26 ChanServ (ChanServ@services.) [#bspwm] "Welcome to the bspwm support channel. Mailing list:'bspwm at librelist.com', Tutorial: 'https://github.com/windelicato/dotfiles/wiki/bspwm-for-dummies'"
--- Log closed Fr Jan 03 17:32:00 2014
--- Log opened Sa Jan 04 16:12:36 2014
16:12 ChanServ (ChanServ@services.) [#bspwm] "Welcome to the bspwm support channel. Mailing list:'bspwm at librelist.com', Tutorial: 'https://github.com/windelicato/dotfiles/wiki/bspwm-for-dummies'"
--- Log closed Sa Jan 04 16:17:54 2014
--- Log opened Mo Jan 06 19:30:06 2014
19:30 ChanServ (ChanServ@services.) [#bspwm] "Welcome to the bspwm support channel. Mailing list:'bspwm at librelist.com', Tutorial: 'https://github.com/windelicato/dotfiles/wiki/bspwm-for-dummies'"
--- Log closed Mo Jan 06 19:35:36 2014
--- Log opened Mi Jan 08 03:38:25 2014
03:38 ChanServ (ChanServ@services.) [#bspwm] "Welcome to the bspwm support channel. Mailing list:'bspwm at librelist.com', Tutorial: 'https://github.com/windelicato/dotfiles/wiki/bspwm-for-dummies'"
--- Log closed Mi Jan 08 03:43:38 2014
--- Log opened Mi Jan 08 15:33:57 2014
15:33 ChanServ (ChanServ@services.) [#bspwm] "Welcome to the bspwm support channel. Mailing list:'bspwm at librelist.com', Tutorial: 'https://github.com/windelicato/dotfiles/wiki/bspwm-for-dummies'"
--- Log closed Mi Jan 08 15:39:39 2014
--- Log opened So Jan 12 17:05:02 2014
17:05 ChanServ (ChanServ@services.) [#bspwm] "Welcome to the bspwm support channel. Mailing list:'bspwm at librelist.com', Tutorial: 'https://github.com/windelicato/dotfiles/wiki/bspwm-for-dummies'"
--- Log closed So Jan 12 17:10:53 2014
--- Log opened Mo Jan 13 20:12:44 2014
20:12 ChanServ (ChanServ@services.) [#bspwm] "Welcome to the bspwm support channel. Mailing list:'bspwm at librelist.com', Tutorial: 'https://github.com/windelicato/dotfiles/wiki/bspwm-for-dummies'"
--- Log closed Mo Jan 13 20:18:06 2014
--- Log opened Mo Jan 13 20:27:31 2014
20:27 ChanServ (ChanServ@services.) [#bspwm] "Welcome to the bspwm support channel. Mailing list:'bspwm at librelist.com', Tutorial: 'https://github.com/windelicato/dotfiles/wiki/bspwm-for-dummies'"
--- Log closed Mo Jan 13 20:33:24 2014
--- Log opened Di Jan 14 13:02:08 2014
13:02 ChanServ (ChanServ@services.) [#bspwm] "Welcome to the bspwm support channel. Mailing list:'bspwm at librelist.com', Tutorial: 'https://github.com/windelicato/dotfiles/wiki/bspwm-for-dummies'"
--- Log closed Di Jan 14 13:07:50 2014
--- Log opened Mi Jan 15 05:42:19 2014
05:42 ChanServ (ChanServ@services.) [#bspwm] "Welcome to the bspwm support channel. Mailing list:'bspwm at librelist.com', Tutorial: 'https://github.com/windelicato/dotfiles/wiki/bspwm-for-dummies'"
--- Log closed Mi Jan 15 05:48:01 2014
--- Log opened Do Jan 16 10:22:36 2014
10:22 ChanServ (ChanServ@services.) [#bspwm] "Welcome to the bspwm support channel. Mailing list:'bspwm at librelist.com', Tutorial: 'https://github.com/windelicato/dotfiles/wiki/bspwm-for-dummies'"
--- Log closed Do Jan 16 10:27:53 2014
--- Log opened Do Jan 16 19:13:46 2014
19:13 ChanServ (ChanServ@services.) [#bspwm] "Welcome to the bspwm support channel. Mailing list:'bspwm at librelist.com', Tutorial: 'https://github.com/windelicato/dotfiles/wiki/bspwm-for-dummies'"
--- Log closed Do Jan 16 19:19:10 2014
--- Log opened Fr Jan 17 15:38:15 2014
15:38 ChanServ (ChanServ@services.) [#bspwm] "Welcome to the bspwm support channel. Mailing list:'bspwm at librelist.com', Tutorial: 'https://github.com/windelicato/dotfiles/wiki/bspwm-for-dummies'"
--- Log closed Fr Jan 17 15:43:57 2014
--- Log opened Sa Jan 18 11:14:55 2014
11:14 ChanServ (ChanServ@services.) [#bspwm] "Welcome to the bspwm support channel. Mailing list:'bspwm at librelist.com', Tutorial: 'https://github.com/windelicato/dotfiles/wiki/bspwm-for-dummies'"
--- Log closed Sa Jan 18 11:20:50 2014
--- Log opened Sa Jan 18 19:03:20 2014
19:03 ChanServ (ChanServ@services.) [#bspwm] "Welcome to the bspwm support channel. Mailing list:'bspwm at librelist.com', Tutorial: 'https://github.com/windelicato/dotfiles/wiki/bspwm-for-dummies'"
--- Log closed Sa Jan 18 19:08:32 2014
--- Log opened So Jan 19 10:26:30 2014
10:26 ChanServ (ChanServ@services.) [#bspwm] "Welcome to the bspwm support channel. Mailing list:'bspwm at librelist.com', Tutorial: 'https://github.com/windelicato/dotfiles/wiki/bspwm-for-dummies'"
--- Log closed So Jan 19 10:31:50 2014
--- Log opened So Jan 19 13:40:40 2014
13:40 ChanServ (ChanServ@services.) [#bspwm] "Welcome to the bspwm support channel. Mailing list:'bspwm at librelist.com', Tutorial: 'https://github.com/windelicato/dotfiles/wiki/bspwm-for-dummies'"
--- Log closed So Jan 19 13:45:44 2014
--- Log opened So Jan 19 20:38:10 2014
20:38 ChanServ (ChanServ@services.) [#bspwm] "Welcome to the bspwm support channel. Mailing list:'bspwm at librelist.com', Tutorial: 'https://github.com/windelicato/dotfiles/wiki/bspwm-for-dummies'"
--- Log closed So Jan 19 20:43:29 2014
--- Log opened Mo Jan 20 18:07:41 2014
18:07 ChanServ (ChanServ@services.) [#bspwm] "Welcome to the bspwm support channel. Mailing list:'bspwm at librelist.com', Tutorial: 'https://github.com/windelicato/dotfiles/wiki/bspwm-for-dummies'"
--- Log closed Mo Jan 20 18:13:10 2014
--- Log opened Mi Jan 22 01:16:46 2014
01:16 ChanServ (ChanServ@services.) [#bspwm] "Welcome to the bspwm support channel. Mailing list:'bspwm at librelist.com', Tutorial: 'https://github.com/windelicato/dotfiles/wiki/bspwm-for-dummies'"
--- Log closed Mi Jan 22 01:22:09 2014
--- Log opened Mi Jan 22 17:48:15 2014
17:48 ChanServ (ChanServ@services.) [#bspwm] "Welcome to the bspwm support channel. Mailing list:'bspwm at librelist.com', Tutorial: 'https://github.com/windelicato/dotfiles/wiki/bspwm-for-dummies'"
--- Log closed Mi Jan 22 17:53:18 2014
--- Log opened Do Jan 23 17:06:02 2014
17:06 ChanServ (ChanServ@services.) [#bspwm] "Welcome to the bspwm support channel. Mailing list:'bspwm at librelist.com', Tutorial: 'https://github.com/windelicato/dotfiles/wiki/bspwm-for-dummies'"
--- Log closed Do Jan 23 17:11:56 2014
--- Log opened Do Jan 23 17:53:11 2014
17:53 ChanServ (ChanServ@services.) [#bspwm] "Welcome to the bspwm support channel. Mailing list:'bspwm at librelist.com', Tutorial: 'https://github.com/windelicato/dotfiles/wiki/bspwm-for-dummies'"
--- Log closed Do Jan 23 17:58:23 2014
--- Log opened Do Jan 23 19:49:45 2014
19:49 ChanServ (ChanServ@services.) [#bspwm] "Welcome to the bspwm support channel. Mailing list:'bspwm at librelist.com', Tutorial: 'https://github.com/windelicato/dotfiles/wiki/bspwm-for-dummies'"
--- Log closed Do Jan 23 19:55:44 2014
--- Log opened Fr Jan 24 13:50:16 2014
13:50 ChanServ (ChanServ@services.) [#bspwm] "Welcome to the bspwm support channel. Mailing list:'bspwm at librelist.com', Tutorial: 'https://github.com/windelicato/dotfiles/wiki/bspwm-for-dummies'"
--- Log closed Fr Jan 24 13:55:21 2014
--- Log opened Sa Jan 25 11:49:02 2014
11:49 ChanServ (ChanServ@services.) [#bspwm] "Welcome to the bspwm support channel. Mailing list:'bspwm at librelist.com', Tutorial: 'https://github.com/windelicato/dotfiles/wiki/bspwm-for-dummies'"
--- Log closed Sa Jan 25 11:54:23 2014
--- Log opened So Jan 26 00:02:03 2014
00:02 ChanServ (ChanServ@services.) [#bspwm] "Welcome to the bspwm support channel. Mailing list:'bspwm at librelist.com', Tutorial: 'https://github.com/windelicato/dotfiles/wiki/bspwm-for-dummies'"
--- Log closed So Jan 26 00:07:23 2014
--- Log opened Mo Jan 27 19:15:22 2014
19:15 ChanServ (ChanServ@services.) [#Neuromatic] Channelregeln, siehe topic
--- Log closed Mo Jan 27 19:15:32 2014
