--- Log opened Sa Dez 28 13:49:35 2013
--- Log closed Sa Dez 28 13:55:14 2013
--- Log opened Sa Dez 28 16:55:25 2013
--- Log closed Sa Dez 28 17:00:39 2013
--- Log opened Sa Dez 28 23:57:14 2013
--- Log closed So Dez 29 00:02:41 2013
--- Log opened Mo Dez 30 21:23:38 2013
--- Log closed Mo Dez 30 21:28:48 2013
--- Log opened Di Dez 31 00:27:00 2013
--- Log closed Di Dez 31 00:32:28 2013
--- Log opened Mi Jan 01 01:05:42 2014
--- Log closed Mi Jan 01 01:10:49 2014
--- Log opened Do Jan 02 21:28:55 2014
--- Log closed Do Jan 02 21:34:27 2014
--- Log opened Fr Jan 03 17:26:13 2014
--- Log closed Fr Jan 03 17:32:00 2014
--- Log opened Sa Jan 04 16:12:24 2014
--- Log closed Sa Jan 04 16:17:54 2014
--- Log opened Mo Jan 06 19:29:47 2014
--- Log closed Mo Jan 06 19:35:36 2014
--- Log opened Mi Jan 08 03:38:04 2014
--- Log closed Mi Jan 08 03:43:38 2014
--- Log opened Mi Jan 08 15:33:50 2014
--- Log closed Mi Jan 08 15:39:39 2014
--- Log opened So Jan 12 17:04:47 2014
--- Log closed So Jan 12 17:09:53 2014
--- Log opened Mo Jan 13 20:12:32 2014
--- Log closed Mo Jan 13 20:18:06 2014
--- Log opened Mo Jan 13 20:27:16 2014
--- Log closed Mo Jan 13 20:32:24 2014
--- Log opened Di Jan 14 13:00:55 2014
--- Log closed Di Jan 14 13:06:50 2014
--- Log opened Mi Jan 15 05:42:05 2014
--- Log closed Mi Jan 15 05:48:01 2014
--- Log opened Do Jan 16 10:22:24 2014
--- Log closed Do Jan 16 10:27:53 2014
--- Log opened Do Jan 16 19:13:24 2014
--- Log closed Do Jan 16 19:19:10 2014
--- Log opened Fr Jan 17 15:38:02 2014
--- Log closed Fr Jan 17 15:43:57 2014
--- Log opened Sa Jan 18 11:13:53 2014
--- Log closed Sa Jan 18 11:19:50 2014
--- Log opened Sa Jan 18 19:02:55 2014
--- Log closed Sa Jan 18 19:08:32 2014
--- Log opened So Jan 19 10:26:14 2014
--- Log closed So Jan 19 10:31:50 2014
--- Log opened So Jan 19 13:40:21 2014
--- Log closed So Jan 19 13:45:44 2014
--- Log opened So Jan 19 20:37:48 2014
--- Log closed So Jan 19 20:43:29 2014
--- Log opened Mo Jan 20 18:07:29 2014
--- Log closed Mo Jan 20 18:13:10 2014
--- Log opened Mi Jan 22 01:16:31 2014
--- Log closed Mi Jan 22 01:22:09 2014
--- Log opened Mi Jan 22 17:47:41 2014
--- Log closed Mi Jan 22 17:53:18 2014
--- Log opened Do Jan 23 17:05:28 2014
--- Log closed Do Jan 23 17:10:56 2014
--- Log opened Do Jan 23 17:52:41 2014
--- Log closed Do Jan 23 17:58:23 2014
--- Log opened Do Jan 23 19:49:33 2014
--- Log closed Do Jan 23 19:54:44 2014
--- Log opened Fr Jan 24 13:49:47 2014
--- Log closed Fr Jan 24 13:55:21 2014
--- Log opened Sa Jan 25 11:48:43 2014
--- Log closed Sa Jan 25 11:54:23 2014
--- Log opened So Jan 26 00:01:45 2014
--- Log closed So Jan 26 00:07:23 2014
--- Log opened Mo Jan 27 19:15:09 2014
--- Log closed Mo Jan 27 19:15:32 2014
