--- Log opened Sa Dez 28 16:54:48 2013
16:54  (irc.unixhub.net)*** Looking up your hostname...
16:54  (irc.unixhub.net)*** Found your hostname
--- Log closed Sa Dez 28 17:00:39 2013
--- Log opened Sa Dez 28 23:56:47 2013
23:56  (irc.unixhub.net)*** Looking up your hostname...
23:56  (irc.unixhub.net)*** Found your hostname
--- Log closed So Dez 29 00:02:41 2013
--- Log opened Mo Dez 30 21:22:54 2013
21:22  (irc.unixhub.net)*** Looking up your hostname...
21:22  (irc.unixhub.net)*** Found your hostname
--- Log closed Mo Dez 30 21:28:48 2013
--- Log opened Di Dez 31 00:26:37 2013
00:26  (irc.unixhub.net)*** Looking up your hostname...
00:26  (irc.unixhub.net)*** Found your hostname
--- Log closed Di Dez 31 00:32:28 2013
--- Log opened Mi Jan 01 01:03:43 2014
01:03  (irc.unixhub.net)*** Looking up your hostname...
01:03  (irc.unixhub.net)*** Found your hostname
--- Log closed Mi Jan 01 01:08:49 2014
--- Log opened Do Jan 02 21:10:02 2014
21:10  (irc.unixhub.net)*** Looking up your hostname...
21:10  (irc.unixhub.net)*** Found your hostname
--- Log closed Do Jan 02 21:15:51 2014
--- Log opened Do Jan 02 21:28:34 2014
21:28  (irc.unixhub.net)*** Looking up your hostname...
21:28  (irc.unixhub.net)*** Found your hostname
--- Log closed Do Jan 02 21:34:27 2014
--- Log opened Fr Jan 03 17:25:44 2014
17:25  (irc.unixhub.net)*** Looking up your hostname...
17:25  (irc.unixhub.net)*** Found your hostname
--- Log closed Fr Jan 03 17:31:00 2014
--- Log opened Sa Jan 04 16:11:03 2014
16:11  (irc.unixhub.net)*** Looking up your hostname...
16:11  (irc.unixhub.net)*** Found your hostname
--- Log closed Sa Jan 04 16:16:54 2014
--- Log opened Mo Jan 06 19:28:44 2014
19:28  (irc.unixhub.net)*** Looking up your hostname...
19:28  (irc.unixhub.net)*** Found your hostname
--- Log closed Mo Jan 06 19:34:36 2014
--- Log opened Di Jan 07 20:30:53 2014
20:30  (irc.unixhub.net)*** Looking up your hostname...
20:30  (irc.unixhub.net)*** Found your hostname
--- Log closed Di Jan 07 20:36:38 2014
--- Log opened Mi Jan 08 03:38:28 2014
03:38  (irc.unixhub.net)*** Looking up your hostname...
03:38  (irc.unixhub.net)*** Found your hostname
--- Log closed Mi Jan 08 03:43:38 2014
--- Log opened So Jan 12 17:01:57 2014
17:01  (irc.unixhub.net)*** Looking up your hostname...
17:01  (irc.unixhub.net)*** Found your hostname (cached)
--- Log closed So Jan 12 17:07:53 2014
--- Log opened Mo Jan 13 20:12:12 2014
20:12  (irc.unixhub.net)*** Looking up your hostname...
20:12  (irc.unixhub.net)*** Found your hostname
--- Log closed Mo Jan 13 20:18:06 2014
--- Log opened Mo Jan 13 20:24:58 2014
20:24  (irc.unixhub.net)*** Looking up your hostname...
20:24  (irc.unixhub.net)*** Found your hostname
--- Log closed Mo Jan 13 20:30:24 2014
--- Log opened Di Jan 14 13:01:08 2014
13:01  (irc.unixhub.net)*** Looking up your hostname...
13:01  (irc.unixhub.net)*** Found your hostname
--- Log closed Di Jan 14 13:06:50 2014
--- Log opened Mi Jan 15 05:27:08 2014
05:27  (irc.unixhub.net)*** Looking up your hostname...
05:27  (irc.unixhub.net)*** Found your hostname
--- Log closed Mi Jan 15 05:33:01 2014
--- Log opened Do Jan 16 10:22:02 2014
10:22  (irc.unixhub.net)*** Looking up your hostname...
10:22  (irc.unixhub.net)*** Found your hostname
--- Log closed Do Jan 16 10:27:53 2014
--- Log opened Do Jan 16 19:11:57 2014
19:11  (irc.unixhub.net)*** Looking up your hostname...
19:11  (irc.unixhub.net)*** Found your hostname
--- Log closed Do Jan 16 19:17:10 2014
--- Log opened Fr Jan 17 15:37:32 2014
15:37  (irc.unixhub.net)*** Looking up your hostname...
15:37  (irc.unixhub.net)*** Found your hostname
--- Log closed Fr Jan 17 15:42:57 2014
--- Log opened Sa Jan 18 10:07:07 2014
10:07  (irc.unixhub.net)*** Looking up your hostname...
10:07  (irc.unixhub.net)*** Found your hostname
--- Log closed Sa Jan 18 10:12:58 2014
--- Log opened Sa Jan 18 10:46:37 2014
10:46  (irc.unixhub.net)*** Looking up your hostname...
10:46  (irc.unixhub.net)*** Found your hostname
10:55  (irc.unixhub.net)*** Looking up your hostname...
10:55  (irc.unixhub.net)*** Found your hostname (cached)
--- Log closed Sa Jan 18 10:55:50 2014
--- Log opened Sa Jan 18 11:10:07 2014
11:10  (irc.unixhub.net)*** Looking up your hostname...
11:10  (irc.unixhub.net)*** Found your hostname (cached)
--- Log closed Sa Jan 18 11:10:20 2014
--- Log opened Sa Jan 18 11:10:24 2014
11:10  (irc.unixhub.net)*** Looking up your hostname...
11:10  (irc.unixhub.net)*** Found your hostname (cached)
--- Log closed Sa Jan 18 11:11:49 2014
--- Log opened Sa Jan 18 11:11:54 2014
11:11  (irc.unixhub.net)*** Looking up your hostname...
11:11  (irc.unixhub.net)*** Found your hostname
--- Log closed Sa Jan 18 11:17:50 2014
--- Log opened Sa Jan 18 19:02:38 2014
19:02  (irc.unixhub.net)*** Looking up your hostname...
19:02  (irc.unixhub.net)*** Found your hostname
--- Log closed Sa Jan 18 19:08:32 2014
--- Log opened So Jan 19 03:13:40 2014
03:13  (irc.unixhub.net)*** Looking up your hostname...
03:13  (irc.unixhub.net)*** Found your hostname
--- Log closed So Jan 19 03:19:35 2014
--- Log opened So Jan 19 10:25:57 2014
10:25  (irc.unixhub.net)*** Looking up your hostname...
10:25  (irc.unixhub.net)*** Found your hostname
--- Log closed So Jan 19 10:31:50 2014
--- Log opened So Jan 19 13:39:58 2014
13:39  (irc.unixhub.net)*** Looking up your hostname...
13:39  (irc.unixhub.net)*** Found your hostname
--- Log closed So Jan 19 13:45:44 2014
--- Log opened So Jan 19 20:37:33 2014
20:37  (irc.unixhub.net)*** Looking up your hostname...
20:37  (irc.unixhub.net)*** Found your hostname
--- Log closed So Jan 19 20:43:29 2014
--- Log opened Mo Jan 20 18:06:56 2014
18:06  (irc.unixhub.net)*** Looking up your hostname...
18:06  (irc.unixhub.net)*** Found your hostname
--- Log closed Mo Jan 20 18:07:07 2014
--- Log opened Mo Jan 20 18:07:16 2014
18:07  (irc.unixhub.net)*** Looking up your hostname...
18:07  (irc.unixhub.net)*** Found your hostname (cached)
--- Log closed Mo Jan 20 18:13:10 2014
--- Log opened Mi Jan 22 01:16:13 2014
01:16  (irc.unixhub.net)*** Looking up your hostname...
01:16  (irc.unixhub.net)*** Found your hostname
--- Log closed Mi Jan 22 01:22:09 2014
--- Log opened Mi Jan 22 17:47:24 2014
17:47  (irc.unixhub.net)*** Looking up your hostname...
17:47  (irc.unixhub.net)*** Found your hostname
--- Log closed Mi Jan 22 17:53:18 2014
--- Log opened Do Jan 23 17:03:06 2014
17:03  (irc.unixhub.net)*** Looking up your hostname...
17:03  (irc.unixhub.net)*** Found your hostname
--- Log closed Do Jan 23 17:08:56 2014
--- Log opened Do Jan 23 17:52:29 2014
17:52  (irc.unixhub.net)*** Looking up your hostname...
17:52  (irc.unixhub.net)*** Found your hostname
--- Log closed Do Jan 23 17:58:23 2014
--- Log opened Do Jan 23 19:48:49 2014
19:48  (irc.unixhub.net)*** Looking up your hostname...
19:48  (irc.unixhub.net)*** Found your hostname
--- Log closed Do Jan 23 19:54:44 2014
--- Log opened Fr Jan 24 13:49:27 2014
13:49  (irc.unixhub.net)*** Looking up your hostname...
13:49  (irc.unixhub.net)*** Found your hostname
--- Log closed Fr Jan 24 13:55:21 2014
--- Log opened Sa Jan 25 11:48:28 2014
11:48  (irc.unixhub.net)*** Looking up your hostname...
11:48  (irc.unixhub.net)*** Found your hostname
--- Log closed Sa Jan 25 11:54:23 2014
--- Log opened So Jan 26 00:01:29 2014
00:01  (irc.unixhub.net)*** Looking up your hostname...
00:01  (irc.unixhub.net)*** Found your hostname
--- Log closed So Jan 26 00:07:23 2014
--- Log opened So Jan 26 15:43:40 2014
15:43  (irc.unixhub.net)*** Looking up your hostname...
15:43  (irc.unixhub.net)*** Found your hostname
--- Log closed So Jan 26 15:49:32 2014
