--- Log opened Sa Jan 18 10:55:24 2014
10:55  (irc.unixhub.net)*** You are connected to irc.unixhub.net with TLSv1-AES256-SHA-256bits
--- Log closed Sa Jan 18 10:55:50 2014
--- Log opened Sa Jan 18 11:11:54 2014
11:11  (irc.unixhub.net)*** You are connected to irc.unixhub.net with TLSv1-AES256-SHA-256bits
--- Log closed Sa Jan 18 11:17:50 2014
--- Log opened Sa Jan 18 19:02:39 2014
19:02  (irc.unixhub.net)*** You are connected to irc.unixhub.net with TLSv1-AES256-SHA-256bits
--- Log closed Sa Jan 18 19:08:32 2014
--- Log opened So Jan 19 03:13:41 2014
03:13  (irc.unixhub.net)*** You are connected to irc.unixhub.net with TLSv1-AES256-SHA-256bits
--- Log closed So Jan 19 03:19:35 2014
--- Log opened So Jan 19 10:25:58 2014
10:25  (irc.unixhub.net)*** You are connected to irc.unixhub.net with TLSv1-AES256-SHA-256bits
--- Log closed So Jan 19 10:31:50 2014
--- Log opened So Jan 19 13:39:59 2014
13:39  (irc.unixhub.net)*** You are connected to irc.unixhub.net with TLSv1-AES256-SHA-256bits
--- Log closed So Jan 19 13:45:44 2014
--- Log opened So Jan 19 20:37:34 2014
20:37  (irc.unixhub.net)*** You are connected to irc.unixhub.net with TLSv1-AES256-SHA-256bits
--- Log closed So Jan 19 20:43:29 2014
--- Log opened Mo Jan 20 18:06:57 2014
18:06  (irc.unixhub.net)*** You are connected to irc.unixhub.net with TLSv1-AES256-SHA-256bits
--- Log closed Mo Jan 20 18:07:07 2014
--- Log opened Mo Jan 20 18:07:17 2014
18:07  (irc.unixhub.net)*** You are connected to irc.unixhub.net with TLSv1-AES256-SHA-256bits
--- Log closed Mo Jan 20 18:13:10 2014
--- Log opened Mi Jan 22 01:16:15 2014
01:16  (irc.unixhub.net)*** You are connected to irc.unixhub.net with TLSv1-AES256-SHA-256bits
--- Log closed Mi Jan 22 01:22:09 2014
--- Log opened Mi Jan 22 17:47:25 2014
17:47  (irc.unixhub.net)*** You are connected to irc.unixhub.net with TLSv1-AES256-SHA-256bits
--- Log closed Mi Jan 22 17:53:18 2014
--- Log opened Do Jan 23 17:03:07 2014
17:03  (irc.unixhub.net)*** You are connected to irc.unixhub.net with TLSv1-AES256-SHA-256bits
--- Log closed Do Jan 23 17:08:56 2014
--- Log opened Do Jan 23 17:52:30 2014
17:52  (irc.unixhub.net)*** You are connected to irc.unixhub.net with TLSv1-AES256-SHA-256bits
--- Log closed Do Jan 23 17:58:23 2014
--- Log opened Do Jan 23 19:48:49 2014
19:48  (irc.unixhub.net)*** You are connected to irc.unixhub.net with TLSv1-AES256-SHA-256bits
--- Log closed Do Jan 23 19:54:44 2014
--- Log opened Fr Jan 24 13:49:27 2014
13:49  (irc.unixhub.net)*** You are connected to irc.unixhub.net with TLSv1-AES256-SHA-256bits
--- Log closed Fr Jan 24 13:55:21 2014
--- Log opened Sa Jan 25 11:48:28 2014
11:48  (irc.unixhub.net)*** You are connected to irc.unixhub.net with TLSv1-AES256-SHA-256bits
--- Log closed Sa Jan 25 11:54:23 2014
--- Log opened So Jan 26 00:01:30 2014
00:01  (irc.unixhub.net)*** You are connected to irc.unixhub.net with TLSv1-AES256-SHA-256bits
--- Log closed So Jan 26 00:07:23 2014
--- Log opened So Jan 26 15:43:40 2014
15:43  (irc.unixhub.net)*** You are connected to irc.unixhub.net with TLSv1-AES256-SHA-256bits
--- Log closed So Jan 26 15:49:32 2014
