--- Log opened Sa Dez 28 16:20:24 2013
16:20 NickServ (services@irc.unixhub.net) This nickname is registered and protected.  If it is your
16:20 NickServ (services@irc.unixhub.net) nick, type /msg NickServ IDENTIFY password.  Otherwise,
16:20 NickServ (services@irc.unixhub.net) please choose a different nick.
16:20 Starting query in unixhub with 
16:20  > identify darthbanestillthebest
16:20 NickServ (services@irc.unixhub.net) Password accepted - you are now recognized.
--- Log closed Sa Dez 28 16:20:56 2013
--- Log opened Sa Dez 28 16:54:49 2013
16:54 NickServ (services@irc.unixhub.net) This nickname is registered and protected.  If it is your
16:54 NickServ (services@irc.unixhub.net) nick, type /msg NickServ IDENTIFY password.  Otherwise,
16:54 NickServ (services@irc.unixhub.net) please choose a different nick.
16:55 Starting query in unixhub with 
16:55  > identify darthbanestillthebest
16:55 NickServ (services@irc.unixhub.net) Password accepted - you are now recognized.
--- Log closed Sa Dez 28 16:55:09 2013
--- Log opened Sa Dez 28 23:56:47 2013
23:56 NickServ (services@irc.unixhub.net) This nickname is registered and protected.  If it is your
23:56 NickServ (services@irc.unixhub.net) nick, type /msg NickServ IDENTIFY password.  Otherwise,
23:56 NickServ (services@irc.unixhub.net) please choose a different nick.
23:56 Starting query in unixhub with 
23:56  > identify darthbanestillthebest
23:56 NickServ (services@irc.unixhub.net) Password accepted - you are now recognized.
--- Log closed Sa Dez 28 23:56:58 2013
--- Log opened So Dez 29 15:09:24 2013
15:09 NickServ (services@irc.unixhub.net) This nickname is registered and protected.  If it is your
15:09 NickServ (services@irc.unixhub.net) nick, type /msg NickServ IDENTIFY password.  Otherwise,
15:09 NickServ (services@irc.unixhub.net) please choose a different nick.
--- Log closed So Dez 29 15:14:42 2013
--- Log opened Mo Dez 30 00:52:23 2013
00:52 NickServ (services@irc.unixhub.net) This nickname is registered and protected.  If it is your
00:52 NickServ (services@irc.unixhub.net) nick, type /msg NickServ IDENTIFY password.  Otherwise,
00:52 NickServ (services@irc.unixhub.net) please choose a different nick.
--- Log closed Mo Dez 30 00:57:42 2013
--- Log opened Mo Dez 30 21:22:55 2013
21:22 NickServ (services@irc.unixhub.net) This nickname is registered and protected.  If it is your
21:22 NickServ (services@irc.unixhub.net) nick, type /msg NickServ IDENTIFY password.  Otherwise,
21:22 NickServ (services@irc.unixhub.net) please choose a different nick.
21:23 Starting query in unixhub with 
21:23  > identify darthbanestillthebest
21:23 NickServ (services@irc.unixhub.net) Password accepted - you are now recognized.
--- Log closed Mo Dez 30 21:23:06 2013
--- Log opened Di Dez 31 00:26:38 2013
00:26 NickServ (services@irc.unixhub.net) This nickname is registered and protected.  If it is your
00:26 NickServ (services@irc.unixhub.net) nick, type /msg NickServ IDENTIFY password.  Otherwise,
00:26 NickServ (services@irc.unixhub.net) please choose a different nick.
00:26 Starting query in unixhub with 
00:26  > identify darthbanestillthebest
00:26 NickServ (services@irc.unixhub.net) Password accepted - you are now recognized.
--- Log closed Di Dez 31 00:26:52 2013
--- Log opened Di Dez 31 14:04:00 2013
14:04 NickServ (services@irc.unixhub.net) This nickname is registered and protected.  If it is your
14:04 NickServ (services@irc.unixhub.net) nick, type /msg NickServ IDENTIFY password.  Otherwise,
14:04 NickServ (services@irc.unixhub.net) please choose a different nick.
--- Log closed Di Dez 31 14:09:31 2013
--- Log opened Di Dez 31 18:04:57 2013
18:04 NickServ (services@irc.unixhub.net) This nickname is registered and protected.  If it is your
18:04 NickServ (services@irc.unixhub.net) nick, type /msg NickServ IDENTIFY password.  Otherwise,
18:04 NickServ (services@irc.unixhub.net) please choose a different nick.
--- Log closed Di Dez 31 18:10:31 2013
--- Log opened Mi Jan 01 01:03:43 2014
01:03 NickServ (services@irc.unixhub.net) This nickname is registered and protected.  If it is your
01:03 NickServ (services@irc.unixhub.net) nick, type /msg NickServ IDENTIFY password.  Otherwise,
01:03 NickServ (services@irc.unixhub.net) please choose a different nick.
01:04 Starting query in unixhub with 
01:04  > identify darthbanestillthebest
01:04 NickServ (services@irc.unixhub.net) Password accepted - you are now recognized.
--- Log closed Mi Jan 01 01:04:35 2014
--- Log opened Mi Jan 01 16:48:02 2014
16:48 NickServ (services@irc.unixhub.net) This nickname is registered and protected.  If it is your
16:48 NickServ (services@irc.unixhub.net) nick, type /msg NickServ IDENTIFY password.  Otherwise,
16:48 NickServ (services@irc.unixhub.net) please choose a different nick.
--- Log closed Mi Jan 01 16:53:50 2014
--- Log opened Do Jan 02 21:10:03 2014
21:10 NickServ (services@irc.unixhub.net) This nickname is registered and protected.  If it is your
21:10 NickServ (services@irc.unixhub.net) nick, type /msg NickServ IDENTIFY password.  Otherwise,
21:10 NickServ (services@irc.unixhub.net) please choose a different nick.
--- Log closed Do Jan 02 21:15:51 2014
--- Log opened Do Jan 02 21:28:35 2014
21:28 NickServ (services@irc.unixhub.net) This nickname is registered and protected.  If it is your
21:28 NickServ (services@irc.unixhub.net) nick, type /msg NickServ IDENTIFY password.  Otherwise,
21:28 NickServ (services@irc.unixhub.net) please choose a different nick.
21:28 Starting query in unixhub with 
21:28  > identify darthbanestillthebest
21:28 NickServ (services@irc.unixhub.net) Password accepted - you are now recognized.
--- Log closed Do Jan 02 21:28:44 2014
--- Log opened Fr Jan 03 17:25:46 2014
17:25 NickServ (services@irc.unixhub.net) This nickname is registered and protected.  If it is your
17:25 NickServ (services@irc.unixhub.net) nick, type /msg NickServ IDENTIFY password.  Otherwise,
17:25 NickServ (services@irc.unixhub.net) please choose a different nick.
17:25 Starting query in unixhub with 
17:25  > identify darthbanestillthebest
17:25 NickServ (services@irc.unixhub.net) Password accepted - you are now recognized.
17:25  > &wc
17:25 NickServ (services@irc.unixhub.net) Unknown command &wc.  "/msg NickServ HELP" for help.
--- Log closed Fr Jan 03 17:26:00 2014
--- Log opened Sa Jan 04 16:11:03 2014
16:11 NickServ (services@irc.unixhub.net) This nickname is registered and protected.  If it is your
16:11 NickServ (services@irc.unixhub.net) nick, type /msg NickServ IDENTIFY password.  Otherwise,
16:11 NickServ (services@irc.unixhub.net) please choose a different nick.
16:11 Starting query in unixhub with 
16:11  > identify darthbanestillthebest
16:11 NickServ (services@irc.unixhub.net) Password accepted - you are now recognized.
--- Log closed Sa Jan 04 16:11:17 2014
--- Log opened Mo Jan 06 19:28:45 2014
19:28 NickServ (services@irc.unixhub.net) This nickname is registered and protected.  If it is your
19:28 NickServ (services@irc.unixhub.net) nick, type /msg NickServ IDENTIFY password.  Otherwise,
19:28 NickServ (services@irc.unixhub.net) please choose a different nick.
19:29 Starting query in unixhub with 
19:29  > identify darthbanestillthebest
19:29 NickServ (services@irc.unixhub.net) Password accepted - you are now recognized.
--- Log closed Mo Jan 06 19:29:34 2014
--- Log opened Di Jan 07 20:30:53 2014
20:30 NickServ (services@irc.unixhub.net) This nickname is registered and protected.  If it is your
20:30 NickServ (services@irc.unixhub.net) nick, type /msg NickServ IDENTIFY password.  Otherwise,
20:30 NickServ (services@irc.unixhub.net) please choose a different nick.
--- Log closed Di Jan 07 20:36:38 2014
--- Log opened Mi Jan 08 03:38:29 2014
03:38 NickServ (services@unixhub.net) This nickname is registered and protected.  If it is your
03:38 NickServ (services@unixhub.net) nick, type /msg NickServ IDENTIFY password.  Otherwise,
03:38 NickServ (services@unixhub.net) please choose a different nick.
--- Log closed Mi Jan 08 03:43:38 2014
--- Log opened So Jan 12 17:02:00 2014
17:02 NickServ (services@unixhub.net) This nickname is registered and protected.  If it is your
17:02 NickServ (services@unixhub.net) nick, type /msg NickServ IDENTIFY password.  Otherwise,
17:02 NickServ (services@unixhub.net) please choose a different nick.
17:02 Starting query in unixhub with 
17:02  > identify darthbanestillthebest
17:02 NickServ (services@unixhub.net) Password accepted - you are now recognized.
--- Log closed So Jan 12 17:02:34 2014
--- Log opened Mo Jan 13 20:12:12 2014
20:12 NickServ (services@unixhub.net) This nickname is registered and protected.  If it is your
20:12 NickServ (services@unixhub.net) nick, type /msg NickServ IDENTIFY password.  Otherwise,
20:12 NickServ (services@unixhub.net) please choose a different nick.
20:12 Starting query in unixhub with 
20:12  > identify darthbanestillthebest
20:12 NickServ (services@unixhub.net) Password accepted - you are now recognized.
--- Log closed Mo Jan 13 20:12:22 2014
--- Log opened Mo Jan 13 20:25:00 2014
20:25 NickServ (services@unixhub.net) This nickname is registered and protected.  If it is your
20:25 NickServ (services@unixhub.net) nick, type /msg NickServ IDENTIFY password.  Otherwise,
20:25 NickServ (services@unixhub.net) please choose a different nick.
20:26 Starting query in unixhub with 
20:26  > identify darthbanestillthebest
20:26 NickServ (services@unixhub.net) Password accepted - you are now recognized.
--- Log closed Mo Jan 13 20:27:01 2014
--- Log opened Di Jan 14 13:01:09 2014
13:01 NickServ (services@unixhub.net) This nickname is registered and protected.  If it is your
13:01 NickServ (services@unixhub.net) nick, type /msg NickServ IDENTIFY password.  Otherwise,
13:01 NickServ (services@unixhub.net) please choose a different nick.
13:01 Starting query in unixhub with 
13:01  > identify darthbanestillthebest
13:01 NickServ (services@unixhub.net) Password accepted - you are now recognized.
--- Log closed Di Jan 14 13:01:21 2014
--- Log opened Mi Jan 15 05:27:09 2014
05:27 NickServ (services@unixhub.net) This nickname is registered and protected.  If it is your
05:27 NickServ (services@unixhub.net) nick, type /msg NickServ IDENTIFY password.  Otherwise,
05:27 NickServ (services@unixhub.net) please choose a different nick.
05:27 Starting query in unixhub with 
05:27  > identify darthbanestillthebest
05:27 NickServ (services@unixhub.net) Password accepted - you are now recognized.
--- Log closed Mi Jan 15 05:28:16 2014
--- Log opened Do Jan 16 10:22:02 2014
10:22 NickServ (services@unixhub.net) This nickname is registered and protected.  If it is your
10:22 NickServ (services@unixhub.net) nick, type /msg NickServ IDENTIFY password.  Otherwise,
10:22 NickServ (services@unixhub.net) please choose a different nick.
10:22 Starting query in unixhub with 
10:22  > identify darthbanestillthebest
10:22 NickServ (services@unixhub.net) Password accepted - you are now recognized.
--- Log closed Do Jan 16 10:22:14 2014
--- Log opened Do Jan 16 19:11:58 2014
19:11 NickServ (services@unixhub.net) This nickname is registered and protected.  If it is your
19:11 NickServ (services@unixhub.net) nick, type /msg NickServ IDENTIFY password.  Otherwise,
19:11 NickServ (services@unixhub.net) please choose a different nick.
19:12 Starting query in unixhub with 
19:12  > identify darthbanestillthebest
19:12 NickServ (services@unixhub.net) Password accepted - you are now recognized.
--- Log closed Do Jan 16 19:12:11 2014
--- Log opened Fr Jan 17 15:37:32 2014
15:37 NickServ (services@unixhub.net) This nickname is registered and protected.  If it is your
15:37 NickServ (services@unixhub.net) nick, type /msg NickServ IDENTIFY password.  Otherwise,
15:37 NickServ (services@unixhub.net) please choose a different nick.
15:37 Starting query in unixhub with 
15:37  > identify darthbanestillthebest
15:37 NickServ (services@unixhub.net) Password accepted - you are now recognized.
--- Log closed Fr Jan 17 15:37:49 2014
--- Log opened Sa Jan 18 10:07:07 2014
10:07 NickServ (services@unixhub.net) This nickname is registered and protected.  If it is your
10:07 NickServ (services@unixhub.net) nick, type /msg NickServ IDENTIFY password.  Otherwise,
10:07 NickServ (services@unixhub.net) please choose a different nick.
--- Log closed Sa Jan 18 10:12:58 2014
--- Log opened Sa Jan 18 10:46:37 2014
10:46 NickServ (services@unixhub.net) This nickname is registered and protected.  If it is your
10:46 NickServ (services@unixhub.net) nick, type /msg NickServ IDENTIFY password.  Otherwise,
10:46 NickServ (services@unixhub.net) please choose a different nick.
10:55 Starting query in unixhub with 
10:55  > identify darthbanestillthebest
10:55 NickServ (services@unixhub.net) This nickname is registered and protected.  If it is your
10:55 NickServ (services@unixhub.net) nick, type /msg NickServ IDENTIFY password.  Otherwise,
10:55 NickServ (services@unixhub.net) please choose a different nick.
10:55 NickServ (services@unixhub.net) Password accepted - you are now recognized.
--- Log closed Sa Jan 18 10:55:50 2014
--- Log opened Sa Jan 18 11:10:07 2014
11:10 Starting query in unixhub with 
11:10  > identify darthbanestillthebest
11:10 NickServ (services@unixhub.net) This nickname is registered and protected.  If it is your
11:10 NickServ (services@unixhub.net) nick, type /msg NickServ IDENTIFY password.  Otherwise,
11:10 NickServ (services@unixhub.net) please choose a different nick.
11:10 NickServ (services@unixhub.net) Password incorrect.
11:10 NickServ (services@unixhub.net) Password accepted - you are now recognized.
--- Log closed Sa Jan 18 11:10:20 2014
--- Log opened Sa Jan 18 11:10:25 2014
11:10 Starting query in unixhub with 
11:10  > identify darthbanestillthebest
11:10 NickServ (services@unixhub.net) This nickname is registered and protected.  If it is your
11:10 NickServ (services@unixhub.net) nick, type /msg NickServ IDENTIFY password.  Otherwise,
11:10 NickServ (services@unixhub.net) please choose a different nick.
11:10 NickServ (services@unixhub.net) Password incorrect.
11:10 NickServ (services@unixhub.net) Password accepted - you are now recognized.
--- Log closed Sa Jan 18 11:11:49 2014
--- Log opened Sa Jan 18 11:11:54 2014
11:11 Starting query in unixhub with 
11:11  > identify darthbanestillthebest
11:11 NickServ (services@unixhub.net) This nickname is registered and protected.  If it is your
11:11 NickServ (services@unixhub.net) nick, type /msg NickServ IDENTIFY password.  Otherwise,
11:11 NickServ (services@unixhub.net) please choose a different nick.
11:11 NickServ (services@unixhub.net) Password accepted - you are now recognized.
11:13  > identify darthbanestillthebest
11:13 NickServ (services@unixhub.net) You are already identified.
--- Log closed Sa Jan 18 11:13:25 2014
--- Log opened Sa Jan 18 19:02:39 2014
19:02 Starting query in unixhub with 
19:02  > identify darthbanestillthebest
19:02 NickServ (services@unixhub.net) This nickname is registered and protected.  If it is your
19:02 NickServ (services@unixhub.net) nick, type /msg NickServ IDENTIFY password.  Otherwise,
19:02 NickServ (services@unixhub.net) please choose a different nick.
19:02 NickServ (services@unixhub.net) Password accepted - you are now recognized.
--- Log closed Sa Jan 18 19:02:44 2014
--- Log opened So Jan 19 03:13:41 2014
03:13 Starting query in unixhub with 
03:13  > identify darthbanestillthebest
03:13 NickServ (services@unixhub.net) This nickname is registered and protected.  If it is your
03:13 NickServ (services@unixhub.net) nick, type /msg NickServ IDENTIFY password.  Otherwise,
03:13 NickServ (services@unixhub.net) please choose a different nick.
03:13 NickServ (services@unixhub.net) Password accepted - you are now recognized.
--- Log closed So Jan 19 03:13:49 2014
--- Log opened So Jan 19 10:25:57 2014
10:25 Starting query in unixhub with 
10:25  > identify darthbanestillthebest
10:25 NickServ (services@unixhub.net) This nickname is registered and protected.  If it is your
10:25 NickServ (services@unixhub.net) nick, type /msg NickServ IDENTIFY password.  Otherwise,
10:25 NickServ (services@unixhub.net) please choose a different nick.
10:25 NickServ (services@unixhub.net) Password accepted - you are now recognized.
--- Log closed So Jan 19 10:26:01 2014
--- Log opened So Jan 19 13:39:58 2014
13:39 Starting query in unixhub with 
13:39  > identify darthbanestillthebest
13:39 NickServ (services@unixhub.net) This nickname is registered and protected.  If it is your
13:39 NickServ (services@unixhub.net) nick, type /msg NickServ IDENTIFY password.  Otherwise,
13:39 NickServ (services@unixhub.net) please choose a different nick.
13:39 NickServ (services@unixhub.net) Password accepted - you are now recognized.
--- Log closed So Jan 19 13:40:13 2014
--- Log opened So Jan 19 20:37:34 2014
20:37 Starting query in unixhub with 
20:37  > identify darthbanestillthebest
20:37 NickServ (services@unixhub.net) This nickname is registered and protected.  If it is your
20:37 NickServ (services@unixhub.net) nick, type /msg NickServ IDENTIFY password.  Otherwise,
20:37 NickServ (services@unixhub.net) please choose a different nick.
20:37 NickServ (services@unixhub.net) Password accepted - you are now recognized.
--- Log closed So Jan 19 20:37:37 2014
--- Log opened Mo Jan 20 18:06:57 2014
18:06 Starting query in unixhub with 
18:06  > identify darthbanestillthebest
18:06 NickServ (services@unixhub.net) This nickname is registered and protected.  If it is your
18:06 NickServ (services@unixhub.net) nick, type /msg NickServ IDENTIFY password.  Otherwise,
18:06 NickServ (services@unixhub.net) please choose a different nick.
18:06 NickServ (services@unixhub.net) Password accepted - you are now recognized.
--- Log closed Mo Jan 20 18:07:01 2014
--- Log opened Mo Jan 20 18:07:17 2014
18:07 Starting query in unixhub with 
18:07  > identify darthbanestillthebest
18:07 NickServ (services@unixhub.net) This nickname is registered and protected.  If it is your
18:07 NickServ (services@unixhub.net) nick, type /msg NickServ IDENTIFY password.  Otherwise,
18:07 NickServ (services@unixhub.net) please choose a different nick.
18:07 NickServ (services@unixhub.net) Password accepted - you are now recognized.
--- Log closed Mo Jan 20 18:07:19 2014
--- Log opened Mi Jan 22 01:16:14 2014
01:16 Starting query in unixhub with 
01:16  > identify darthbanestillthebest
01:16 NickServ (services@unixhub.net) This nickname is registered and protected.  If it is your
01:16 NickServ (services@unixhub.net) nick, type /msg NickServ IDENTIFY password.  Otherwise,
01:16 NickServ (services@unixhub.net) please choose a different nick.
01:16 NickServ (services@unixhub.net) Password accepted - you are now recognized.
--- Log closed Mi Jan 22 01:16:18 2014
--- Log opened Mi Jan 22 17:47:25 2014
17:47 Starting query in unixhub with 
17:47  > identify darthbanestillthebest
17:47 NickServ (services@unixhub.net) This nickname is registered and protected.  If it is your
17:47 NickServ (services@unixhub.net) nick, type /msg NickServ IDENTIFY password.  Otherwise,
17:47 NickServ (services@unixhub.net) please choose a different nick.
17:47 NickServ (services@unixhub.net) Password accepted - you are now recognized.
--- Log closed Mi Jan 22 17:47:27 2014
--- Log opened Do Jan 23 17:03:07 2014
17:03 Starting query in unixhub with 
17:03  > identify darthbanestillthebest
17:03 NickServ (services@unixhub.net) This nickname is registered and protected.  If it is your
17:03 NickServ (services@unixhub.net) nick, type /msg NickServ IDENTIFY password.  Otherwise,
17:03 NickServ (services@unixhub.net) please choose a different nick.
17:03 NickServ (services@unixhub.net) Password accepted - you are now recognized.
--- Log closed Do Jan 23 17:03:11 2014
--- Log opened Do Jan 23 17:52:30 2014
17:52 Starting query in unixhub with 
17:52  > identify darthbanestillthebest
17:52 NickServ (services@unixhub.net) This nickname is registered and protected.  If it is your
17:52 NickServ (services@unixhub.net) nick, type /msg NickServ IDENTIFY password.  Otherwise,
17:52 NickServ (services@unixhub.net) please choose a different nick.
17:52 NickServ (services@unixhub.net) Password accepted - you are now recognized.
--- Log closed Do Jan 23 17:52:32 2014
--- Log opened Do Jan 23 19:48:49 2014
19:48 Starting query in unixhub with 
19:48  > identify darthbanestillthebest
19:48 NickServ (services@unixhub.net) This nickname is registered and protected.  If it is your
19:48 NickServ (services@unixhub.net) nick, type /msg NickServ IDENTIFY password.  Otherwise,
19:48 NickServ (services@unixhub.net) please choose a different nick.
19:48 NickServ (services@unixhub.net) Password accepted - you are now recognized.
--- Log closed Do Jan 23 19:49:01 2014
--- Log opened Fr Jan 24 13:49:27 2014
13:49 Starting query in unixhub with 
13:49  > identify darthbanestillthebest
13:49 NickServ (services@unixhub.net) This nickname is registered and protected.  If it is your
13:49 NickServ (services@unixhub.net) nick, type /msg NickServ IDENTIFY password.  Otherwise,
13:49 NickServ (services@unixhub.net) please choose a different nick.
13:49 NickServ (services@unixhub.net) Password accepted - you are now recognized.
--- Log closed Fr Jan 24 13:49:29 2014
--- Log opened Sa Jan 25 11:48:28 2014
11:48 Starting query in unixhub with 
11:48  > identify darthbanestillthebest
11:48 NickServ (services@unixhub.net) This nickname is registered and protected.  If it is your
11:48 NickServ (services@unixhub.net) nick, type /msg NickServ IDENTIFY password.  Otherwise,
11:48 NickServ (services@unixhub.net) please choose a different nick.
11:48 NickServ (services@unixhub.net) Password accepted - you are now recognized.
--- Log closed Sa Jan 25 11:48:36 2014
--- Log opened So Jan 26 00:01:30 2014
00:01 Starting query in unixhub with 
00:01  > identify darthbanestillthebest
00:01 NickServ (services@unixhub.net) This nickname is registered and protected.  If it is your
00:01 NickServ (services@unixhub.net) nick, type /msg NickServ IDENTIFY password.  Otherwise,
00:01 NickServ (services@unixhub.net) please choose a different nick.
00:01 NickServ (services@unixhub.net) Password accepted - you are now recognized.
--- Log closed So Jan 26 00:01:35 2014
--- Log opened So Jan 26 15:43:40 2014
15:43 Starting query in unixhub with 
15:43  > identify darthbanestillthebest
15:43 NickServ (services@unixhub.net) This nickname is registered and protected.  If it is your
15:43 NickServ (services@unixhub.net) nick, type /msg NickServ IDENTIFY password.  Otherwise,
15:43 NickServ (services@unixhub.net) please choose a different nick.
15:43 NickServ (services@unixhub.net) Password accepted - you are now recognized.
--- Log closed So Jan 26 15:43:43 2014
