--- Log opened Mi Jan 08 00:30:17 2014
00:30 Starting query in 192 with 
00:30  > register neuromatic darthbanestillthebest
00:30 NickServ (services@unixhub.net) Please try again with a more obscure password.  Passwords should be at least five characters long, should not be something easily guessed (e.g. your real name or your nick), and cannot contain the space or tab characters.
00:30  > register neuromatic darthbanestillthebest
00:30 NickServ (services@unixhub.net) Please try again with a more obscure password.  Passwords should be at least five characters long, should not be something easily guessed (e.g. your real name or your nick), and cannot contain the space or tab characters.
00:30  > register darthbanestillthebest
00:31 NickServ (services@unixhub.net) Syntax: REGISTER password email
00:31 NickServ (services@unixhub.net) /msg NickServ HELP REGISTER for more information.
00:31  > register darthbanestillthebest neuromatic@archlinux.info
00:31 NickServ (services@unixhub.net) Nickname Neuromatic registered under your account: Neuromatic@*.superkabel.de
--- Log closed Mi Jan 08 00:36:38 2014
--- Log opened Mi Jan 08 08:18:39 2014
08:18  > identify darthbanestillthebest
08:18 NickServ (services@unixhub.net) Your nick isn't registered.
08:18  > identify darthbanestillthebest
08:18 NickServ (services@unixhub.net) Your nick isn't registered.
08:19  > register darthbanestillthebest neuromatic@archlinux.info
08:19 NickServ (services@unixhub.net) Nickname Neuromat1c registered under your account: Neuromatic@*.superkabel.de
08:19  > identify darthbanestillthebest
08:19 NickServ (services@unixhub.net) You are already identified.
--- Log closed Mi Jan 08 08:22:21 2014
--- Log opened So Jan 12 17:01:09 2014
17:01 NickServ (services@unixhub.net) This nickname is registered and protected.  If it is your
17:01 NickServ (services@unixhub.net) nick, type /msg NickServ IDENTIFY password.  Otherwise,
17:01 NickServ (services@unixhub.net) please choose a different nick.
17:01 Starting query in 192 with 
17:01  > identify darthbanestillthebest
17:01 NickServ (services@unixhub.net) Password accepted - you are now recognized.
--- Log closed So Jan 12 17:01:18 2014
