--- Log opened Sa Jan 18 11:36:41 2014
11:36  (irc.shakeababy.net)*** Looking up your hostname...
11:36  (irc.shakeababy.net)*** Checking Ident
11:36  (irc.shakeababy.net)*** Found your hostname
11:36  (irc.shakeababy.net)*** No Ident response
--- Log closed Sa Jan 18 11:41:50 2014
--- Log opened Sa Jan 18 19:03:17 2014
19:03  (irc.uworld.se)*** Looking up your hostname...
19:03  (irc.uworld.se)*** Checking Ident
19:03  (irc.uworld.se)*** No Ident response
19:03  (irc.uworld.se)*** Found your hostname
--- Log closed Sa Jan 18 19:08:32 2014
--- Log opened So Jan 19 10:26:37 2014
10:26  (irc.rizon.no)*** Looking up your hostname...
10:26  (irc.rizon.no)*** Checking Ident
10:26  (irc.rizon.no)*** No Ident response
10:26  (irc.rizon.no)*** Found your hostname
--- Log closed So Jan 19 10:31:50 2014
--- Log opened So Jan 19 13:41:11 2014
13:41  (irc.rizon.no)*** Looking up your hostname...
13:41  (irc.rizon.no)*** Checking Ident
13:41  (irc.rizon.no)*** No Ident response
13:41  (irc.rizon.no)*** Found your hostname
--- Log closed So Jan 19 13:46:44 2014
--- Log opened So Jan 19 20:38:46 2014
20:38  (irc.uworld.se)*** Looking up your hostname...
20:38  (irc.uworld.se)*** Checking Ident
20:38  (irc.uworld.se)*** No Ident response
20:38  (irc.uworld.se)*** Found your hostname
--- Log closed So Jan 19 20:44:29 2014
--- Log opened Mo Jan 20 18:07:46 2014
18:07  (irc.shakeababy.net)*** Looking up your hostname...
18:07  (irc.shakeababy.net)*** Checking Ident
18:07  (irc.shakeababy.net)*** No Ident response
18:07  (irc.shakeababy.net)*** Found your hostname
--- Log closed Mo Jan 20 18:13:10 2014
--- Log opened Mi Jan 22 01:17:02 2014
01:17  (irc.rizon.no)*** Looking up your hostname...
01:17  (irc.rizon.no)*** Checking Ident
01:17  (irc.rizon.no)*** No Ident response
01:17  (irc.rizon.no)*** Found your hostname
--- Log closed Mi Jan 22 01:22:09 2014
--- Log opened Mi Jan 22 17:48:22 2014
17:48  (irc.uworld.se)*** Looking up your hostname...
17:48  (irc.uworld.se)*** Checking Ident
17:48  (irc.uworld.se)*** No Ident response
17:48  (irc.uworld.se)*** Found your hostname
--- Log closed Mi Jan 22 17:54:18 2014
--- Log opened Do Jan 23 17:06:31 2014
17:06  (irc.rizon.no)*** Looking up your hostname...
17:06  (irc.rizon.no)*** Checking Ident
17:06  (irc.rizon.no)*** No Ident response
17:06  (irc.rizon.no)*** Found your hostname
--- Log closed Do Jan 23 17:11:56 2014
--- Log opened Do Jan 23 17:15:45 2014
17:15  (irc.rizon.no)*** Looking up your hostname...
17:15  (irc.rizon.no)*** Checking Ident
17:15  (irc.rizon.no)*** No Ident response
17:15  (irc.rizon.no)*** Found your hostname
--- Log closed Do Jan 23 17:20:56 2014
--- Log opened Do Jan 23 17:53:17 2014
17:53  (irc.rizon.no)*** Looking up your hostname...
17:53  (irc.rizon.no)*** Checking Ident
17:53  (irc.rizon.no)*** Found your hostname
17:53  (irc.rizon.no)*** No Ident response
--- Log closed Do Jan 23 17:58:23 2014
--- Log opened Do Jan 23 19:49:53 2014
19:49  (irc.rizon.no)*** Looking up your hostname...
19:49  (irc.rizon.no)*** Checking Ident
19:49  (irc.rizon.no)*** No Ident response
19:49  (irc.rizon.no)*** Found your hostname
--- Log closed Do Jan 23 19:55:44 2014
--- Log opened Fr Jan 24 13:50:28 2014
13:50  (irc.shakeababy.net)*** Looking up your hostname...
13:50  (irc.shakeababy.net)*** Checking Ident
13:50  (irc.shakeababy.net)*** No Ident response
13:50  (irc.shakeababy.net)*** Found your hostname
--- Log closed Fr Jan 24 13:56:21 2014
--- Log opened Fr Jan 24 16:44:45 2014
16:44  (irc.uworld.se)*** Looking up your hostname...
16:44  (irc.uworld.se)*** Checking Ident
16:44  (irc.uworld.se)*** No Ident response
16:44  (irc.uworld.se)*** Found your hostname
--- Log closed Fr Jan 24 16:50:21 2014
--- Log opened Sa Jan 25 11:49:10 2014
11:49  (irc.x2x.cc)*** Looking up your hostname...
11:49  (irc.x2x.cc)*** Checking Ident
11:49  (irc.x2x.cc)*** No Ident response
11:49  (irc.x2x.cc)*** Found your hostname
--- Log closed Sa Jan 25 11:54:23 2014
--- Log opened So Jan 26 00:02:10 2014
00:02  (irc.uworld.se)*** Looking up your hostname...
00:02  (irc.uworld.se)*** Checking Ident
00:02  (irc.uworld.se)*** No Ident response
00:02  (irc.uworld.se)*** Found your hostname
--- Log closed So Jan 26 00:07:23 2014
