--- Log opened Sa Jan 18 11:36:42 2014
11:36 Global (service@rizon.net) [Logon News - May 21 2011] First time on Rizon? Be sure to read the FAQ! http://s.rizon.net/FAQ
11:36 Global (service@rizon.net) [Logon News - Dec 16 2013] Own a large/active channel or plan to get one going? Please read http://s.rizon.net/authline
11:36 Global (service@rizon.net) [Random News - Mar 20 2009] Idle on Rizon a lot? Why not play our idlerpg game, you can check it out at #RizonIRPG for more information visit the website http://idlerpg.rizon.net -Rizon Staff
--- Log closed Sa Jan 18 11:41:50 2014
--- Log opened Sa Jan 18 19:03:21 2014
19:03 Global (service@rizon.net) [Logon News - May 21 2011] First time on Rizon? Be sure to read the FAQ! http://s.rizon.net/FAQ
19:03 Global (service@rizon.net) [Logon News - Dec 16 2013] Own a large/active channel or plan to get one going? Please read http://s.rizon.net/authline
19:03 Global (service@rizon.net) [Random News - Nov 29 2013] Want to make your vhost shiny by adding colors to it? Try your luck in #VIzon
--- Log closed Sa Jan 18 19:08:32 2014
--- Log opened So Jan 19 10:26:37 2014
10:26 Global (service@rizon.net) [Logon News - May 21 2011] First time on Rizon? Be sure to read the FAQ! http://s.rizon.net/FAQ
10:26 Global (service@rizon.net) [Logon News - Dec 16 2013] Own a large/active channel or plan to get one going? Please read http://s.rizon.net/authline
10:26 Global (service@rizon.net) [Random News - Nov 29 2013] Want to make your vhost shiny by adding colors to it? Try your luck in #VIzon
--- Log closed So Jan 19 10:31:50 2014
--- Log opened So Jan 19 13:41:12 2014
13:41 Global (service@rizon.net) [Logon News - May 21 2011] First time on Rizon? Be sure to read the FAQ! http://s.rizon.net/FAQ
13:41 Global (service@rizon.net) [Logon News - Dec 16 2013] Own a large/active channel or plan to get one going? Please read http://s.rizon.net/authline
13:41 Global (service@rizon.net) [Random News - Nov 29 2013] Want to make your vhost shiny by adding colors to it? Try your luck in #VIzon
--- Log closed So Jan 19 13:46:44 2014
--- Log opened So Jan 19 20:38:46 2014
20:38 Global (service@rizon.net) [Logon News - May 21 2011] First time on Rizon? Be sure to read the FAQ! http://s.rizon.net/FAQ
20:38 Global (service@rizon.net) [Logon News - Dec 16 2013] Own a large/active channel or plan to get one going? Please read http://s.rizon.net/authline
20:38 Global (service@rizon.net) [Random News - Mar 20 2009] Idle on Rizon a lot? Why not play our idlerpg game, you can check it out at #RizonIRPG for more information visit the website http://idlerpg.rizon.net -Rizon Staff
--- Log closed So Jan 19 20:44:29 2014
--- Log opened Mo Jan 20 18:07:47 2014
18:07 Global (service@rizon.net) [Logon News - May 21 2011] First time on Rizon? Be sure to read the FAQ! http://s.rizon.net/FAQ
18:07 Global (service@rizon.net) [Logon News - Dec 16 2013] Own a large/active channel or plan to get one going? Please read http://s.rizon.net/authline
18:07 Global (service@rizon.net) [Random News - Mar 20 2009] Idle on Rizon a lot? Why not play our idlerpg game, you can check it out at #RizonIRPG for more information visit the website http://idlerpg.rizon.net -Rizon Staff
--- Log closed Mo Jan 20 18:13:10 2014
--- Log opened Mi Jan 22 01:17:03 2014
01:17 Global (service@rizon.net) [Logon News - May 21 2011] First time on Rizon? Be sure to read the FAQ! http://s.rizon.net/FAQ
01:17 Global (service@rizon.net) [Logon News - Dec 16 2013] Own a large/active channel or plan to get one going? Please read http://s.rizon.net/authline
01:17 Global (service@rizon.net) [Random News - May 07 2013] Looking for a quotes, trivia, or other extra bots? /msg funserv help
--- Log closed Mi Jan 22 01:22:09 2014
--- Log opened Mi Jan 22 17:48:22 2014
17:48 Global (service@rizon.net) [Logon News - May 21 2011] First time on Rizon? Be sure to read the FAQ! http://s.rizon.net/FAQ
17:48 Global (service@rizon.net) [Logon News - Dec 16 2013] Own a large/active channel or plan to get one going? Please read http://s.rizon.net/authline
17:48 Global (service@rizon.net) [Random News - Nov 29 2013] Want to make your vhost shiny by adding colors to it? Try your luck in #VIzon
--- Log closed Mi Jan 22 17:54:18 2014
--- Log opened Do Jan 23 17:06:31 2014
17:06 Global (service@rizon.net) [Logon News - May 21 2011] First time on Rizon? Be sure to read the FAQ! http://s.rizon.net/FAQ
17:06 Global (service@rizon.net) [Logon News - Dec 16 2013] Own a large/active channel or plan to get one going? Please read http://s.rizon.net/authline
17:06 Global (service@rizon.net) [Random News - May 07 2013] Looking for a quotes, trivia, or other extra bots? /msg funserv help
--- Log closed Do Jan 23 17:11:56 2014
--- Log opened Do Jan 23 17:15:46 2014
17:15 Global (service@rizon.net) [Logon News - May 21 2011] First time on Rizon? Be sure to read the FAQ! http://s.rizon.net/FAQ
17:15 Global (service@rizon.net) [Logon News - Dec 16 2013] Own a large/active channel or plan to get one going? Please read http://s.rizon.net/authline
17:15 Global (service@rizon.net) [Random News - Nov 29 2013] Want to make your vhost shiny by adding colors to it? Try your luck in #VIzon
--- Log closed Do Jan 23 17:20:56 2014
--- Log opened Do Jan 23 17:53:17 2014
17:53 Global (service@rizon.net) [Logon News - May 21 2011] First time on Rizon? Be sure to read the FAQ! http://s.rizon.net/FAQ
17:53 Global (service@rizon.net) [Logon News - Dec 16 2013] Own a large/active channel or plan to get one going? Please read http://s.rizon.net/authline
17:53 Global (service@rizon.net) [Random News - Nov 29 2013] Want to make your vhost shiny by adding colors to it? Try your luck in #VIzon
--- Log closed Do Jan 23 17:58:23 2014
--- Log opened Do Jan 23 19:49:53 2014
19:49 Global (service@rizon.net) [Logon News - May 21 2011] First time on Rizon? Be sure to read the FAQ! http://s.rizon.net/FAQ
19:49 Global (service@rizon.net) [Logon News - Dec 16 2013] Own a large/active channel or plan to get one going? Please read http://s.rizon.net/authline
19:49 Global (service@rizon.net) [Random News - May 07 2013] Looking for a quotes, trivia, or other extra bots? /msg funserv help
--- Log closed Do Jan 23 19:55:44 2014
--- Log opened Fr Jan 24 13:50:29 2014
13:50 Global (service@rizon.net) [Logon News - May 21 2011] First time on Rizon? Be sure to read the FAQ! http://s.rizon.net/FAQ
13:50 Global (service@rizon.net) [Logon News - Dec 16 2013] Own a large/active channel or plan to get one going? Please read http://s.rizon.net/authline
13:50 Global (service@rizon.net) [Random News - Nov 29 2013] Want to make your vhost shiny by adding colors to it? Try your luck in #VIzon
--- Log closed Fr Jan 24 13:56:21 2014
--- Log opened Fr Jan 24 16:44:45 2014
16:44 Global (service@rizon.net) [Logon News - May 21 2011] First time on Rizon? Be sure to read the FAQ! http://s.rizon.net/FAQ
16:44 Global (service@rizon.net) [Logon News - Dec 16 2013] Own a large/active channel or plan to get one going? Please read http://s.rizon.net/authline
16:44 Global (service@rizon.net) [Random News - Nov 29 2013] Want to make your vhost shiny by adding colors to it? Try your luck in #VIzon
--- Log closed Fr Jan 24 16:50:21 2014
--- Log opened Sa Jan 25 11:49:11 2014
11:49 Global (service@rizon.net) [Logon News - May 21 2011] First time on Rizon? Be sure to read the FAQ! http://s.rizon.net/FAQ
11:49 Global (service@rizon.net) [Logon News - Dec 16 2013] Own a large/active channel or plan to get one going? Please read http://s.rizon.net/authline
11:49 Global (service@rizon.net) [Random News - May 07 2013] Looking for a quotes, trivia, or other extra bots? /msg funserv help
--- Log closed Sa Jan 25 11:54:23 2014
--- Log opened So Jan 26 00:02:10 2014
00:02 Global (service@rizon.net) [Logon News - May 21 2011] First time on Rizon? Be sure to read the FAQ! http://s.rizon.net/FAQ
00:02 Global (service@rizon.net) [Logon News - Dec 16 2013] Own a large/active channel or plan to get one going? Please read http://s.rizon.net/authline
00:02 Global (service@rizon.net) [Random News - Mar 20 2009] Idle on Rizon a lot? Why not play our idlerpg game, you can check it out at #RizonIRPG for more information visit the website http://idlerpg.rizon.net -Rizon Staff
--- Log closed So Jan 26 00:07:23 2014
