--- Log opened Mi Jan 08 08:21:09 2014
08:21         root │  From conference server: This room is not anonymous
08:21         join │  Neuromatic
08:21 %%        mode │  +t
08:21        names │  Total: 2 ops, 0 halfops, 0 voices, 5 normal
08:21         root │  Message from unknown participant thomas.leister: Guten Abend
08:21         root │  Message from unknown participant jonsger: jemand da
08:21         root │  Message from unknown participant jonsger: ;(
08:21         root │  Message from unknown participant jonsger: :(
08:21         root │  Message from unknown participant thomas.leister: ich bin da
08:21         root │  Message from unknown participant thomas.leister: hi
08:21         root │  Message from unknown participant jonsger: hallo thomas
08:21         root │  Message from unknown participant vancrash: guten abend @ all
08:21         root │  Message from unknown participant nino: hi
08:21         root │  Message from unknown participant nino: folgendes szenario...
08:21         root │  Message from unknown participant nino: ich kommentiere bei einem post, der begrenzt veröffentlicht wurde. die person entfernt mich aus diesem aspekt. kann ich den post dann noch sehen oder gilt das erst für jeden neuen post?
08:21         root │  Message from unknown participant nino: ich hab da ein "blabla hat bei einem bereits gelöschten post kommentiert." in den benachrichtungen. ist das das ergebnis des mich löschens aus dem aspekt oder hat die person den post wirklich entfernt?
08:21         root │  Message from unknown participant thomas.leister: Zu 1): Bin mir nicht sicher, aber ich gehe mal davon aus dass die Änderungen erst für neuere Beiträge gelten.
08:21         root │  2) Die Person hat den Post entfernt.
08:21         root │  Message from unknown participant jonsger: @nino da würde ich mal Jonne oder so fragen, die kennen sich im Code aus ;)
08:21       cocker │  [2014-01-07 00:09:54] Geraspora down?
08:21         root │  Message from unknown participant Max: scheint so
08:21 Join to #diaspora was synced in 2 secs
08:21       cocker │  [2014-01-07 00:11:08] :/  OK, dann halt früher ins Bett :-)
08:21         root │  Message from unknown participant Max: wieder online
08:21       cocker │  [2014-01-07 00:20:32] Ahja :)
08:21         root │  Message from unknown participant Grischa: kennt sich hier jemand mit mingw-gdb aus?
08:21         root │  From conference server: nino has set the subject to: Willkommen im deutschen Community-Chatraum für Diaspora*! :)
08:40         part │  dej
10:08         part │  brainsnail
10:08         join │  brainsnail
10:51         join │  ehtron
11:24         join │  vancrash
11:25         part │  vancrash
12:07         join │  max
12:17         part │  brainsnail
12:20         join │  brainsnail
12:49         part │  brainsnail
12:51         join │  brainsnail
13:20         join │  fbff5f1e-cb21-4da4-b3d9-
13:20         part │  fbff5f1e-cb21-4da4-b3d9-
13:56         join │  thomasleister
14:19         join │  dej
14:28         join │  waithamai
15:02         part │  thomasleister
15:02         join │  thomasleister
15:30         part │  thomasleister
16:13         part │  brainsnail
16:13         join │  brainsnail
16:18         part │  ehtron
16:25         join │  ehtron
17:26         part │  brainsnail
17:26         join │  brainsnail
17:27         join │  thomasleister
17:30         part │  brainsnail
17:30         join │  brainsnail
18:13         part │  ehtron
18:16         part │  dej
18:18         part │  thomasleister
18:19         join │  thomasleister
18:24         part │  thomasleister
18:51         part │  max
18:58         part │  brainsnail
18:59         join │  brainsnail
19:00         part │  brainsnail
19:00         join │  brainsnail
19:09         part │  brainsnail
19:09         join │  brainsnail
21:16         join │  max
21:32         join │  ncc1988
22:11         part │  ncc1988
22:13         part │  waithamai
22:57         join │  dej
23:18         part │  max
23:22         join │  max
--- Day changed Do Jan 09 2014
00:51         part │  dej
01:49         part │  max
01:50         join │  max
03:28         part │  max
08:09         join │  nk
08:09           nk │  Grischinka@Mobile: unterscheidet der sich vom normalen gdb?
09:43         join │  dej
09:44         join │  ncc1988
09:51   brainsnail │  πnktop: bin mir nicht sicher. das problem ist das ich keinen stack mehr habe, wenn ich einen breakpoint auf "exit" setzte um asserts abzufangen. bei Visual Studio kann ich mir den stack anschauen um zu sehen wo der assert ausgelöst wurde.
10:00         join │  ehtron
10:02         part │  brainsnail
10:02         join │  brainsnail
10:04         part │  nk
10:04         join │  nk
10:05         part │  brainsnail
10:05         join │  brainsnail
10:08         part │  nk
10:08         join │  nk
10:16           nk │  oh, mhm ok, da hab ich keine ahnung, sry
10:19   brainsnail │  wir lösen das problem anders. Der QtCreator kommt weg und ich bekomme ein Visual Studio 2013 :)
10:25           nk │  QtCreator ist doch toll
10:25           nk │  bei .qml stürzt er auch nur alle 5 minuten ab
10:30         part │  nk
10:30         join │  nk
10:32   brainsnail │  Wir haben hier in der Firma mal einige Projekte auf den Creator umgestellt. Die meisten Leute sind der Meinung, dass es keine schlechte IDE ist, bis man ernsthaft debuggen muss, da wird's dann grausig.
10:51           nk │  hab bisher mit gdb vorallem assembler debuggt, aber die müssten eigentlich alle recht ähnlich sein
10:52           nk │  der zeigt einfach nen leeren stack an?
10:55   brainsnail │  #0  0x764eb2e5 in msvcrt!_exit () from C:\Windows\syswow64\msvcrt.dll
10:55   brainsnail │  #1  0x764e8f7b in msvcrt!abort () from C:\Windows\syswow64\msvcrt.dll
10:55   brainsnail │  #2  0x0041d57f in _wassert ()
10:55   brainsnail │  #3  0x00000000 in ?? ()
10:56   brainsnail │  das ist zu wenig. bei visual studio kann ich immer noch den programm-stack zurücklaufen um zu sehen wo im code es geknallt hat
11:17         part │  nk
11:44         part │  dej
11:56         part │  brainsnail
11:56         join │  brainsnail
12:01         part │  brainsnail
12:02         join │  brainsnail
12:05         part │  brainsnail
12:05         join │  brainsnail
12:10         part │  brainsnail
12:10         join │  brainsnail
13:26         part │  ehtron
13:36         join │  max
14:23         part │  ncc1988
14:27         join │  nk
14:28           nk │  kannst mal schauen, ob du mit insight oder ner anderen gui für gdb da mehr informationen rausbekommst
14:46   brainsnail │  die mühe lohnt jetzt nicht mehr. wir steigen ja auf Visual Studio um
15:49         join │  ehtron
15:54         part │  nk
16:30         join │  dej
16:41          max │  is von euch wer htaccess pro? :D
16:42          max │  also rewritecond und rewriterule
16:58         part │  brainsnail
16:58         join │  brainsnail
17:06         join │  jonsger
17:07         part │  ehtron
17:14         join │  ehtron
17:18         join │  dm
17:18           dm │  nabend
17:18          max │  servus
17:20           dm │  da gerade schön viele da sind (wobei die hälfte natürlich nur virtuelle leichen sind), werf ich mal meine frage in den raum: kennt jemand einen fall, wo jemand aufgespürt wurde und ärger bekam, weil er offline oder per wlan-router via file-sharing urheberrechtlich geschützten krämpel verbreitet hat? so ein fall müsste doch eigentlich wellen schlagen, aber ich finde keinen. und offline-filesharing find ich ziemlich cool.
17:20           dm │  (mit offline meinte ich hier usb-sticks - hab mich falsch ausgedrückt. wlan wär natürlich auch offline)
17:21   brainsnail │  "sneakernet" nennen wir das hier
17:21           dm │  jemand betreibt einen router, über den sich leute in der nachbarschaft verbinden und dateien austauschen. man kann verpfiffen werden und wlans kann man aufspüren... was ist davon zu halten?
17:23          max │  is das wlan offen? wenns nen schlüssel hat ist es ja nicht öffentlich, wobei für legale privatkopie muss der der es weitergibt das original haben, wenn ich mcih nich irre
17:23   brainsnail │  halten tue ich davon nicht viel. aber es ist nun mal gesetzt und solange das nicht gekippt wird, kann man nix machen
17:24           dm │  matthias ämmm von diaspora meint, da müsse man sich keine sorgen machen, weil nur rechteinhaber klagen, bzw. abmahnungen in die wege leiten können. und es ist sehr unwahrscheinlich, dass da jemand in der nachbarschaft ist.
17:24   brainsnail │  *gesetz
17:24           dm │  ich halte davon sogar sehr viel. schaden tut das niemandem.
17:24          max │  den rechteinhabern shcon,meint gema
17:24           dm │  was die meinen, muss uns nicht interessieren. mir gehts darum, wie sicher man sich da fühlen kann
17:25   brainsnail │  schaden tut es jedem der sein wlan frei zur verfügung stellen will
17:25          max │  das gesetz, joa, aber geht ja nu nich ums gesetz
17:25           dm │  wieso? ich rede doch von offline-filesharing. hier ist kein internet im spiel
17:25          max │  aber um dir nachzuweisen dass du kopierst, müsste sich ja die gam mit ins wlan einwählen und den verkehr mitschneiden
17:25           dm │  ich glaube, die störerhaftung greift hier ohnehin nicht.
17:26          max │  is ja egal, weitergeben darfst es nur im sinne der privatkopie, und das kannst du nur wenn du das origial hast. oder?
17:26   brainsnail │  sorry hatte mci verlesen. ich dachte es get um ein geteiltes wlan
17:26           dm │  interessiert mich nciht
17:26          max │  dann interessiert dich auch die störerhaftung nicht ;)
17:27           dm │  grischa: ist es ja auch. man teilt krämpel über das wlan
17:27           dm │  max: doch, natürlich, weil ich da ärger kriege, wenn jemand bullshit über meinen anschluss macht.
17:27   brainsnail │  ich dachte ein "public" wlan
17:27           dm │  naja, ich sag mal so... am praktischsten ist es natürlich ein offenes wlan
17:27           dm │  aber ich mein die frage eher grundsätzlich
17:28   brainsnail │  aber bei einem offenen sind wir dan wieder bei der "Störerhaftung"
17:28           dm │  max: halt dich bitte raus. du fängst schon wieder an zu trollen. bitte ignorier meine nachrichten, ich hab keine lust. gilt für die gesamte zukunft.
17:28          max │  bitte was? ich trolle? Oo
17:28           dm │  du verstehst schon.
17:28           dm │  grischa: ich dachte, die gilt nur bezüglich einer internetverbindung
17:29          max │  nein ich verstehe erlich gesagt nicht, wieso man wegen einer meinungsverschiedenheit so eingeschnappt und nachtragend sein kann, shcließlich hab ich dich nie persönlich angegriffen. aber ist ok, ich halt mich raus ;)
17:29           dm │  aber gut, selbst wenn... meine frage ist ja, wie sicher man sich fühlen kann. sicherER ist offline-filesharing allemal
17:29           dm │  max: ich möchte nicht mit dir reden. das musst du nicht verstehen, aber kannst du es bitte akzeptieren?
17:29   brainsnail │  zum Sneakernet: Ich betreibe dass schon seit meiner Jugend. Da man meistens mit freunden teilt, mache ich mir keine sorgen erwischt zu werden
17:29           dm │  max: danke
17:30           dm │  grischa: meinst du das hier? https://de.wikipedia.org/wiki/Turnschuhnetzwerk da gehts um file-sharing mit datenträgern, so wie ich das verstehe
17:30   brainsnail │  jup
17:30           dm │  ja, das zähl ich natürlich auch dazu.
17:31           dm │  mir schickt jemand in den nächsten tagen diverse spiele per usb-stick und mich fixt die ganze idee mit dem internetlosen filesharing gerade leicht an.
17:32   brainsnail │  Das " internetlosen filesharing" musste ich früher betreiben, weil es noch kein internet für privatpersonsn gab :)
17:32           dm │  hehe : ) die zeit hab ich nicht mehr erlebt
17:33   brainsnail │  Man was war ich damals noch fit, weil ich kiloweise disketten in meinem backpack rumgescleppt habe
17:33      jonsger │  guten abend
17:33           dm │  saugut : D
17:33           dm │  nabend jonsger
17:35   brainsnail │  aber in meinem Umfeld (Privat/Arbeit) ist das "sneakernet" immer noch populär, weil die halt alle damals so angefangen haben.
17:37           dm │  das wär total dufte, wenn man in der nachbarschaft mit irgendwelchen leuten dateien austauschen könnte
17:37           dm │  über ein wlan
17:37      jonsger │  ich mach ja eigentlich nie filesharing, aber wenn dann zieh ich mir von kumpels was auf den stick oder die festplatte geht am schnellsten 
17:37      jonsger │  und ich würde sagen ist am sichersten
17:38           dm │  jonsger: auf jeden fall
17:38           dm │  wenn ich die wahl hab, bevorzuge ich auch diese methode. ein wlan ist eben praktisch
17:38   brainsnail │  als mein bruder in aachen angefangen hat zu studieren, hatte der zugriff auf ein sftp-netzwerk, dass über den glasfaserring der rwth angebunden war :)
17:39           dm │  grischa: klingt leicht nach schlaraffenland
17:40      jonsger │  ich sehs so, ich kann auch CC Musik hören (grad ist pornophonique ^^) und ich muss auch net unbedingt filme anschauen, das hollywood zeug ist sowieso grauenhauft
17:40   brainsnail │  nino: ist auch aufgeflogen.
17:41      jonsger │  Max: bist du auf Diaspora?
17:41          max │  jop
17:41          max │  was wär ich sonst hier im chat :P
17:41           dm │  jonsger: musik interessiert mich da auch nicht. ich meine, man könnte cc-mukke teilen, aber mir gehts primär um filme (weniger hollywood, ist wirklich meistens wiedergekäuter abfall) und programme/spiele.
17:41          max │  aber ich bin alles andere als ein akiver poster :D
17:41          max │  mehr so der lesende
17:42           dm │  im moment fänd ich so ein netz total gut... mit meinem jämmerlichen 10 gib-volumen-"internet"anschluss
17:43           dm │  muss bis morgen früh warten um mir ein video ansehen zu können. m(
17:43      jonsger │  ich bin auch nicht der, der jeden Tag was teilt oder beiträgt. leute die zuviel posten fliegen bei mir immer raus ^^
17:43   brainsnail │  apropos film bzw. dokus. wenn jemand rausfindet wo man den hier http://particlefever.com/ bekommt, bitte mal bescheid geben
17:43           dm │  (da werden meine monatlichen 10 gib wieder aktiv)
17:43      jonsger │  ich stream filme nur, ist doch selbst laut regierung nicht mal wirklich illegal
17:44           dm │  (in dem video gehts lustigerweise sogar um offline-filesharing)
17:45           dm │  https://vimeo.com/46480638
17:45           dm │  (englisch, glaub ich)
17:45      jonsger │  ah schön, vimeo, gleich viel sympatischer
17:45           dm │  : ) ja
17:46      jonsger │  youtube muss ich bei mir immer erst über javascript aktivieren, das ist ja auf jeder zweiten webseite
17:48           dm │  ach, wers nicht mitbekommen hat. ich hab vorgestern ein schönes html 5 spiel gefunden, ein rts bei dem man gebäude und einheiten bauen und den gegner kaputthauen muss - standard. hat süße pixelgrafik und schöne musik: http://littlewargame.com/
17:48           dm │  (unten links ist der play-knopf)
17:50           dm │  hat sogar 1vs1-multiplayer, aber der server ist sehr instabil, sodass man so gut wie nie in die lobby kommt. ich hab dem entwickler uberspace vorgeschlagen
17:54      jonsger │  also kreativ sind die typen da in dem film echt, nur ich weiß net ob das alles so gut funktioniert
17:54      jonsger │  und die praxistauglichkeit ist nochmal was andres
17:55         join │  nk
17:55           dm │  yo
17:56         part │  nk
17:57   brainsnail │  ich mach mich mal auf den weg richtung heimat. bis denne
17:57      jonsger │  tu das
17:57          max │  tschau
17:57         part │  brainsnail
17:59           dm │  hmm... bin auch weg. ciao
17:59         part │  dm
18:06         part │  jonsger
18:12         part │  ehtron
18:15         join │  brainsnail
18:29         join │  waithamai
18:51         part │  dej
19:12         part │  brainsnail
19:12         join │  brainsnail
19:12         join │  dej
19:15         part │  brainsnail
19:15         join │  brainsnail
19:53         join │  ncc1988
19:55         part │  waithamai
20:20         part │  max
20:22         join │  max
21:43         part │  dej
21:44         join │  dej
23:32         join │  waithamai
--- Day changed Fr Jan 10 2014
00:08         part │  ncc1988
00:18         part │  max
00:19         join │  max
02:05         part │  brainsnail
02:05         join │  brainsnail
02:23         part │  dej
03:28         part │  waithamai
04:09         part │  max
07:48         part │  troll
07:48         join │  troll
09:40         part │  brainsnail
09:40         join │  brainsnail
09:45         part │  brainsnail
09:45         join │  brainsnail
10:01         part │  brainsnail
10:02         join │  brainsnail
10:33         part │  brainsnail
10:33         join │  brainsnail
11:14         part │  troll
11:17         join │  troll
11:39         part │  brainsnail
11:44         join │  ehtron
12:43         join │  brainsnail
13:09        nsplit │ "Netsplit" Neuromatic.fritz.box <-> creep.im quits: brainsnail, troll, ehtron, cocker, benjamin
13:09         root │  Cleaning up channel, bye!
13:09       kicked │  Neuromatic
--- Log closed Fr Jan 10 13:09:27 2014
--- Log opened Mi Jan 15 05:43:49 2014
05:43         root │  From conference server: This room is not anonymous
05:43         join │  Neuromatic
05:43 %%        mode │  +t
05:43        names │  Total: 2 ops, 0 halfops, 0 voices, 5 normal
05:43  thomasleist │  [2014-01-14 18:22:26] :p
05:43         root │  Message from unknown participant Max: egal wann ich anfang :D
05:43         root │  Message from unknown participant jonsger: keine 35 stunden woche
05:43         root │  Message from unknown participant Max: nö38
05:43         root │  Message from unknown participant Ravenbird: Nabend
05:43         root │  Message from unknown participant Max: huhu
05:43         root │  Message from unknown participant Ravenbird: Ich könnte mich gerade ins Bett legen und pennen... das ist deprimierend
05:43         root │  Message from unknown participant Max: irgendwie hatte ich eben 80% paketverlust zu meinem server Oo
05:43         root │  Message from unknown participant Ravenbird: Musst Du nen anderen Paketdienst nehmen! ;-P
05:43         root │  Message from unknown participant Max: hab hier nur kabelbw xD
05:43         root │  Message from unknown participant Ravenbird: Wie wäre es mit Lagerfeuer und Decke? Rauchzeichen in Binärform gehen zwar langsam, aber das geht ohne Verlust... Wenn die Sicht frei ist ;-)
05:43         root │  Message from unknown participant Max: ich glaub die kommen nich ins RZ rein
05:43         root │  Message from unknown participant Ravenbird: Hm dann geht es auch nicht mit Lichttelegraphie... Mist
05:43         root │  Message from unknown participant Ravenbird: Musste die Pakete wohl selber schleppen ;-D
05:43         root │  Message from unknown participant Max: is mir zu weit
05:43         root │  Message from unknown participant Ravenbird: Kann man machen nix, muss man durch ;-)
05:43         root │  Message from unknown participant Ravenbird: So ich dampf dann mal wieder ab... :-)
05:43         root │  Message from unknown participant Max: tschau ;)
05:43  thomasleist │  [2014-01-14 22:19:36] Cya
05:43  thomasleist │  [2014-01-14 22:19:39] Gute Nacht
05:43 Join to #diaspora was synced in 2 secs
05:43         root │  From conference server: nino has set the subject to: Willkommen im deutschen Community-Chatraum für Diaspora*! :)
--- Log closed Mi Jan 15 05:44:41 2014
--- Log opened Mi Jan 15 05:44:49 2014
05:44         root │  From conference server: This room is not anonymous
05:44         join │  Neuromatic
05:44 %%        mode │  +t
05:44        names │  Total: 2 ops, 0 halfops, 0 voices, 5 normal
05:44  thomasleist │  [2014-01-14 18:22:26] :p
05:44         root │  Message from unknown participant Max: egal wann ich anfang :D
05:44         root │  Message from unknown participant jonsger: keine 35 stunden woche
05:44 Join to #diaspora was synced in 0 secs
05:44         root │  Message from unknown participant Max: nö38
05:44         root │  Message from unknown participant Ravenbird: Nabend
05:44         root │  Message from unknown participant Max: huhu
05:44         root │  Message from unknown participant Ravenbird: Ich könnte mich gerade ins Bett legen und pennen... das ist deprimierend
05:44         root │  Message from unknown participant Max: irgendwie hatte ich eben 80% paketverlust zu meinem server Oo
05:44         root │  Message from unknown participant Ravenbird: Musst Du nen anderen Paketdienst nehmen! ;-P
05:44         root │  Message from unknown participant Max: hab hier nur kabelbw xD
05:44         root │  Message from unknown participant Ravenbird: Wie wäre es mit Lagerfeuer und Decke? Rauchzeichen in Binärform gehen zwar langsam, aber das geht ohne Verlust... Wenn die Sicht frei ist ;-)
05:44         root │  Message from unknown participant Max: ich glaub die kommen nich ins RZ rein
05:44         root │  Message from unknown participant Ravenbird: Hm dann geht es auch nicht mit Lichttelegraphie... Mist
05:44         root │  Message from unknown participant Ravenbird: Musste die Pakete wohl selber schleppen ;-D
05:44         root │  Message from unknown participant Max: is mir zu weit
05:44         root │  Message from unknown participant Ravenbird: Kann man machen nix, muss man durch ;-)
05:44         root │  Message from unknown participant Ravenbird: So ich dampf dann mal wieder ab... :-)
05:44         root │  Message from unknown participant Max: tschau ;)
05:44  thomasleist │  [2014-01-14 22:19:36] Cya
05:44  thomasleist │  [2014-01-14 22:19:39] Gute Nacht
05:44         root │  From conference server: nino has set the subject to: Willkommen im deutschen Community-Chatraum für Diaspora*! :)
06:40         join │  nk
07:12         join │  max
07:21         part │  max
07:33         part │  nk
07:36         part │  dg7abl
09:14         part │  thomasleister
09:36         join │  vancrash
09:37         part │  vancrash
10:02         part │  brainsnail
10:02         join │  brainsnail
10:12         part │  brainsnail
10:13         join │  brainsnail
10:19         join │  helma
10:20         part │  helma
10:32         part │  brainsnail
10:36         join │  brainsnail
10:47         part │  brainsnail
10:58         join │  brainsnail
11:06         part │  brainsnail
11:07         join │  brainsnail
11:20         part │  brainsnail
11:23         join │  brainsnail
11:30         part │  brainsnail
11:47         join │  ehtron
11:49         join │  lmatt
11:51         join │  brainsnail
12:09         part │  brainsnail
12:10         join │  thomasleister
12:19         part │  thomasleister
12:46         join │  waithamai
12:52         join │  brainsnail
12:58         part │  brainsnail
12:58         join │  brainsnail
--- Log closed Mi Jan 15 14:03:41 2014
