--- Log opened Sa Dez 28 13:50:17 2013
13:50  (Neuromatic.fritz.box)BitlBee-IRCd initialized, please go on
--- Log closed Sa Dez 28 13:56:14 2013
--- Log opened Sa Dez 28 16:55:44 2013
16:55  (Neuromatic.fritz.box)BitlBee-IRCd initialized, please go on
--- Log closed Sa Dez 28 17:01:39 2013
--- Log opened Sa Dez 28 23:57:41 2013
23:57  (Neuromatic.fritz.box)BitlBee-IRCd initialized, please go on
--- Log closed So Dez 29 00:02:41 2013
--- Log opened Mo Dez 30 21:24:04 2013
21:24  (Neuromatic.fritz.box)BitlBee-IRCd initialized, please go on
--- Log closed Mo Dez 30 21:29:48 2013
--- Log opened Di Dez 31 00:27:18 2013
00:27  (Neuromatic.fritz.box)BitlBee-IRCd initialized, please go on
--- Log closed Di Dez 31 00:32:28 2013
--- Log opened Mi Jan 01 01:06:42 2014
01:06  (Neuromatic.fritz.box)BitlBee-IRCd initialized, please go on
--- Log closed Mi Jan 01 01:11:49 2014
--- Log opened Do Jan 02 21:29:25 2014
21:29  (Neuromatic.fritz.box)BitlBee-IRCd initialized, please go on
--- Log closed Do Jan 02 21:34:27 2014
--- Log opened Fr Jan 03 17:26:32 2014
17:26  (Neuromatic.fritz.box)BitlBee-IRCd initialized, please go on
--- Log closed Fr Jan 03 17:32:00 2014
--- Log opened Sa Jan 04 16:12:41 2014
16:12  (Neuromatic.fritz.box)BitlBee-IRCd initialized, please go on
--- Log closed Sa Jan 04 16:17:54 2014
--- Log opened Mo Jan 06 19:30:15 2014
19:30  (Neuromatic.fritz.box)BitlBee-IRCd initialized, please go on
--- Log closed Mo Jan 06 19:35:36 2014
--- Log opened Sa Jan 11 23:07:35 2014
23:07  (neuromatic.fritz.box)BitlBee-IRCd initialized, please go on
--- Log closed Sa Jan 11 23:13:25 2014
--- Log opened So Jan 12 17:05:11 2014
17:05  (neuromatic.fritz.box)BitlBee-IRCd initialized, please go on
--- Log closed So Jan 12 17:10:53 2014
--- Log opened Mo Jan 13 20:13:00 2014
20:13  (neuromatic.fritz.box)BitlBee-IRCd initialized, please go on
--- Log closed Mo Jan 13 20:18:06 2014
--- Log opened Mo Jan 13 20:27:47 2014
20:27  (neuromatic.fritz.box)BitlBee-IRCd initialized, please go on
--- Log closed Mo Jan 13 20:33:24 2014
--- Log opened Di Jan 14 13:02:15 2014
13:02  (neuromatic.fritz.box)BitlBee-IRCd initialized, please go on
--- Log closed Di Jan 14 13:07:50 2014
--- Log opened Mi Jan 15 05:42:35 2014
05:42  (neuromatic.fritz.box)BitlBee-IRCd initialized, please go on
--- Log closed Mi Jan 15 05:48:01 2014
--- Log opened Sa Jan 18 21:39:22 2014
21:39  (neuromatic.fritz.box)BitlBee-IRCd initialized, please go on
--- Log closed Sa Jan 18 21:44:32 2014
--- Log opened Di Jan 21 22:07:54 2014
22:07  (neuromatic.fritz.box)BitlBee-IRCd initialized, please go on
--- Log opened So Jan 26 15:46:35 2014
15:46  (neuromatic.fritz.box)BitlBee-IRCd initialized, please go on
--- Log closed So Jan 26 15:52:32 2014
--- Log opened Do Jan 30 21:54:39 2014
21:54  (neuromatic.fritz.box)BitlBee-IRCd initialized, please go on
--- Log closed Do Jan 30 22:00:34 2014
