--- Log opened Do Jan 02 03:52:48 2014
03:52 Starting query in neuromatic with 
03:54  > Ja, ich weiß auch nicht wieso. Wahrscheinlich weil ich als Tastaurlayout de-latin1-nodeadkeys eingestellt habe, aber dann müssten non-de Zeichen ja trotzdem angezeit werden… Naja auch egal, jetzt weiß ich es ja :D. Benenn Dich bloß nicht um, lul
--- Log closed Do Jan 02 03:57:29 2014
--- Log opened Do Jan 02 19:25:36 2014
19:25 Starting query in neuromatic with 
19:25  < hey danny hast du lust am Sonntag auf training?
--- Log closed Do Jan 02 19:30:51 2014
--- Log opened Do Jan 02 19:43:56 2014
19:43         quit │  Crs
--- Log closed Do Jan 02 19:49:51 2014
--- Log opened Do Jan 02 21:12:07 2014
21:12  > Weiß ich nicht nicht so genau
--- Log closed Do Jan 02 21:12:17 2014
--- Log opened Do Jan 02 23:51:24 2014
23:51 Starting query in neuromatic with 
23:51  < sag bescheid wenn trainieren ab Sonntag Katana
23:52  > Noice :). Ja, ich sag Dir vorher bescheid
23:52  < falls wir uns nicht mehr erwischen :P sonntag 12:00 bis 15:00 Uhr
23:52  > Alles klar
23:55         quit │  Crs
--- Log closed Do Jan 02 23:56:32 2014
--- Log opened Sa Jan 04 02:01:05 2014
02:01 Starting query in neuromatic with 
02:01  > wer kommt denn Sonntag alles so?
--- Log closed Sa Jan 04 02:07:00 2014
--- Log opened Sa Jan 04 05:47:47 2014
05:47  < Tobi Lars Tirza Phillip ich
05:51         quit │  Crs
05:52  > Okay, ich bin dabei
05:52  < nice^^
05:52         quit │  Crs
05:52  > Jo, will jetzt aber noch ein paar Stunden schlafen. brb nig ;)
05:53  < kk
05:53         quit │  Crs
05:56         quit │  Crs
06:01         quit │  Crs
--- Log closed Sa Jan 04 06:07:00 2014
--- Log opened Sa Jan 04 11:46:45 2014
11:46         quit │  Crs
--- Log closed Sa Jan 04 11:52:01 2014
--- Log opened Sa Jan 04 12:57:14 2014
12:57         quit │  Crs
13:02         quit │  Crs
--- Log closed Sa Jan 04 13:08:01 2014
--- Log opened Sa Jan 04 14:32:52 2014
14:32         quit │  Crs
--- Log closed Sa Jan 04 14:38:01 2014
--- Log opened Sa Jan 11 23:08:14 2014
23:08 Starting query in neuromatic with 
23:08  > http://i.4cdn.org/b/src/1389476886585.jpg
--- Log closed Sa Jan 11 23:13:25 2014
--- Log opened So Jan 12 05:20:15 2014
05:20         quit │  Crs
--- Log closed So Jan 12 05:25:25 2014
--- Log opened So Jan 12 11:45:19 2014
11:45         quit │  Crs
--- Log closed So Jan 12 11:50:26 2014
