--- Log opened Do Jan 02 01:58:37 2014
01:58 Starting query in neuromatic with 
01:59  > http://i.imgur.com/pHlnueO.png
01:59  > lulz
01:59  < :D
--- Log closed Do Jan 02 02:04:50 2014
--- Log opened Do Jan 02 02:09:27 2014
02:09         quit │  Martin
--- Log closed Do Jan 02 02:14:50 2014
--- Log opened Do Jan 02 02:17:00 2014
02:17         quit │  Martin
--- Log closed Do Jan 02 02:19:58 2014
--- Log opened Di Jan 07 14:28:42 2014
14:28 Starting query in neuromatic with 
14:28  < sooo ich hab echt zu viel gemacht die fieren über ich muss dann mal morgen wieder rumkommen :)
14:30         quit │  Martin
--- Log closed Di Jan 07 14:36:37 2014
--- Log opened Di Jan 07 14:41:02 2014
14:41         quit │  Martin
--- Log closed Di Jan 07 14:46:37 2014
--- Log opened Di Jan 07 14:48:35 2014
14:48         quit │  Martin
--- Log closed Di Jan 07 14:53:37 2014
--- Log opened Di Jan 07 15:08:43 2014
15:08         quit │  Martin
15:13         quit │  Martin
--- Log closed Di Jan 07 15:19:38 2014
--- Log opened Di Jan 07 15:26:20 2014
15:26         quit │  Martin
--- Log closed Di Jan 07 15:31:38 2014
--- Log opened Di Jan 07 15:38:55 2014
15:38         quit │  Martin
--- Log closed Di Jan 07 15:44:38 2014
--- Log opened Di Jan 07 15:54:01 2014
15:54         quit │  Martin
--- Log closed Di Jan 07 15:59:38 2014
--- Log opened Di Jan 07 16:06:36 2014
16:06         quit │  Martin
--- Log closed Di Jan 07 16:11:38 2014
--- Log opened Di Jan 07 16:14:09 2014
16:14         quit │  Martin
--- Log closed Di Jan 07 16:19:38 2014
--- Log opened Di Jan 07 16:21:42 2014
16:21         quit │  Martin
16:26         quit │  Martin
--- Log closed Di Jan 07 16:32:38 2014
--- Log opened Di Jan 07 16:39:19 2014
16:39         quit │  Martin
--- Log closed Di Jan 07 16:44:38 2014
--- Log opened Di Jan 07 16:49:23 2014
16:49         quit │  Martin
--- Log closed Di Jan 07 16:54:38 2014
--- Log opened Di Jan 07 16:59:27 2014
16:59         quit │  Martin
--- Log closed Di Jan 07 17:04:38 2014
--- Log opened Di Jan 07 17:17:03 2014
17:17         quit │  Martin
--- Log closed Di Jan 07 17:22:38 2014
--- Log opened Di Jan 07 17:34:40 2014
17:34         quit │  Martin
--- Log closed Di Jan 07 17:40:38 2014
--- Log opened Di Jan 07 17:42:13 2014
17:42         quit │  Martin
17:47         quit │  Martin
--- Log closed Di Jan 07 17:52:38 2014
--- Log opened Di Jan 07 17:54:48 2014
17:54         quit │  Martin
--- Log closed Di Jan 07 18:00:38 2014
--- Log opened Di Jan 07 18:07:22 2014
18:07         quit │  Martin
--- Log closed Di Jan 07 18:12:38 2014
--- Log opened Di Jan 07 18:22:29 2014
18:22         quit │  Martin
--- Log closed Di Jan 07 18:27:38 2014
--- Log opened Di Jan 07 18:30:02 2014
18:30         quit │  Martin
18:35         quit │  Martin
--- Log closed Di Jan 07 18:40:38 2014
--- Log opened Di Jan 07 18:42:37 2014
18:42         quit │  Martin
--- Log closed Di Jan 07 18:47:38 2014
--- Log opened Di Jan 07 18:50:10 2014
18:50         quit │  Martin
--- Log closed Di Jan 07 18:55:38 2014
--- Log opened Di Jan 07 19:00:14 2014
19:00         quit │  Martin
--- Log closed Di Jan 07 19:05:38 2014
--- Log opened Di Jan 07 19:10:18 2014
19:10         quit │  Martin
--- Log closed Di Jan 07 19:15:38 2014
--- Log opened Di Jan 07 19:22:53 2014
19:22         quit │  Martin
--- Log closed Di Jan 07 19:28:38 2014
--- Log opened Di Jan 07 19:30:26 2014
19:30         quit │  Martin
--- Log closed Di Jan 07 19:35:38 2014
--- Log opened Di Jan 07 19:37:59 2014
19:37         quit │  Martin
--- Log closed Di Jan 07 19:43:38 2014
--- Log opened Di Jan 07 19:50:34 2014
19:50         quit │  Martin
--- Log closed Di Jan 07 19:55:38 2014
--- Log opened Di Jan 07 20:20:46 2014
20:20         quit │  Martin
--- Log closed Di Jan 07 20:26:38 2014
--- Log opened Di Jan 07 21:01:02 2014
21:01         quit │  Martin
21:06         quit │  Martin
--- Log closed Di Jan 07 21:11:38 2014
--- Log opened Di Jan 07 21:13:37 2014
21:13         quit │  Martin
--- Log closed Di Jan 07 21:18:38 2014
--- Log opened Di Jan 07 21:26:12 2014
21:26         quit │  Martin
--- Log closed Di Jan 07 21:31:38 2014
--- Log opened Di Jan 07 21:46:20 2014
21:46         quit │  Martin
--- Log closed Di Jan 07 21:51:38 2014
--- Log opened Di Jan 07 23:21:57 2014
23:21         quit │  Martin
--- Log closed Di Jan 07 23:27:38 2014
--- Log opened Mi Jan 08 04:21:53 2014
04:21         quit │  Martin
--- Log closed Mi Jan 08 04:27:38 2014
--- Log opened Mi Jan 08 05:54:58 2014
05:54         quit │  Martin
--- Log closed Mi Jan 08 06:00:38 2014
--- Log opened Mi Jan 08 06:05:02 2014
06:05         quit │  Martin
--- Log closed Mi Jan 08 06:10:38 2014
--- Log opened Mi Jan 08 06:45:17 2014
06:45         quit │  Martin
--- Log closed Mi Jan 08 06:50:38 2014
--- Log opened Mi Jan 08 07:20:33 2014
07:20         quit │  Martin
--- Log closed Mi Jan 08 07:25:38 2014
--- Log opened Mi Jan 08 07:35:39 2014
07:35         quit │  Martin
--- Log closed Mi Jan 08 07:40:39 2014
--- Log opened Mi Jan 08 07:55:49 2014
07:55         quit │  Martin
08:00         quit │  Martin
08:05         quit │  Martin
--- Log closed Mi Jan 08 08:11:39 2014
--- Log opened Mi Jan 08 08:20:59 2014
08:20         quit │  Martin
08:22  > Sorry, war den ganzen Tag nicht am Rechner 
--- Log closed Mi Jan 08 08:22:24 2014
--- Log opened Mi Jan 08 08:30:42 2014
08:30 Starting query in neuromatic with 
08:30  < Habts ihr den heute zeit :p
08:33         quit │  Martin
--- Log closed Mi Jan 08 08:38:39 2014
--- Log opened Mi Jan 08 09:18:56 2014
09:18         quit │  Martin
--- Log closed Mi Jan 08 09:24:39 2014
--- Log opened Mi Jan 08 09:28:59 2014
09:28         quit │  Martin
--- Log closed Mi Jan 08 09:34:39 2014
--- Log opened Mi Jan 08 09:46:35 2014
09:46         quit │  Martin
--- Log closed Mi Jan 08 09:51:39 2014
--- Log opened Mi Jan 08 09:54:08 2014
09:54         quit │  Martin
--- Log closed Mi Jan 08 09:59:39 2014
--- Log opened Mi Jan 08 09:59:43 2014
09:59  > Eher nicht :/
10:05  < Hmm ich guck ob ich morgen zeit hab weiss daa noch nit sicher
10:09         quit │  Martin
--- Log closed Mi Jan 08 10:14:39 2014
--- Log opened Mi Jan 08 10:16:47 2014
10:16         quit │  Martin
10:21         quit │  Martin
--- Log closed Mi Jan 08 10:27:39 2014
--- Log opened Mi Jan 08 10:29:22 2014
10:29         quit │  Martin
--- Log closed Mi Jan 08 10:34:39 2014
--- Log opened Mi Jan 08 10:37:41 2014
10:37         quit │  Martin
--- Log closed Mi Jan 08 10:43:39 2014
--- Log opened Mi Jan 08 10:52:06 2014
10:52         quit │  Martin
--- Log closed Mi Jan 08 10:57:39 2014
--- Log opened Mi Jan 08 11:02:10 2014
11:02         quit │  Martin
--- Log closed Mi Jan 08 11:07:39 2014
--- Log opened Mi Jan 08 11:24:49 2014
11:24         quit │  Martin
--- Log closed Mi Jan 08 11:30:39 2014
--- Log opened Mi Jan 08 11:52:31 2014
11:52         quit │  Martin
--- Log closed Mi Jan 08 11:57:39 2014
--- Log opened Mi Jan 08 12:02:37 2014
12:02         quit │  Martin
--- Log closed Mi Jan 08 12:07:39 2014
--- Log opened Mi Jan 08 12:58:00 2014
12:58         quit │  Martin
13:03         quit │  Martin
13:08         quit │  Martin
--- Log closed Mi Jan 08 13:13:39 2014
--- Log opened Mi Jan 08 13:43:18 2014
13:43         quit │  Martin
--- Log closed Mi Jan 08 13:48:39 2014
--- Log opened Mi Jan 08 13:50:51 2014
13:50         quit │  Martin
13:55         quit │  Martin
--- Log closed Mi Jan 08 14:01:39 2014
--- Log opened Mi Jan 08 14:26:05 2014
14:26         quit │  Martin
--- Log closed Mi Jan 08 14:31:39 2014
--- Log opened Mi Jan 08 14:33:38 2014
14:33         quit │  Martin
--- Log closed Mi Jan 08 14:38:39 2014
--- Log opened Mi Jan 08 15:13:54 2014
15:13         quit │  Martin
--- Log closed Mi Jan 08 15:19:39 2014
--- Log opened Mi Jan 08 15:29:00 2014
15:29         quit │  Martin
15:34         quit │  Martin
--- Log closed Mi Jan 08 15:39:39 2014
--- Log opened Mi Jan 08 15:44:06 2014
15:44         quit │  Martin
--- Log closed Mi Jan 08 15:49:39 2014
--- Log opened Mi Jan 08 16:21:51 2014
16:21         quit │  Martin
--- Log closed Mi Jan 08 16:27:39 2014
--- Log opened Mi Jan 08 16:54:34 2014
16:54         quit │  Martin
--- Log closed Mi Jan 08 16:59:39 2014
--- Log opened Mi Jan 08 17:07:09 2014
17:07         quit │  Martin
--- Log closed Mi Jan 08 17:12:39 2014
--- Log opened Mi Jan 08 17:22:15 2014
17:22         quit │  Martin
--- Log closed Mi Jan 08 17:27:39 2014
--- Log opened Mi Jan 08 17:29:48 2014
17:29         quit │  Martin
--- Log closed Mi Jan 08 17:35:39 2014
--- Log opened Mi Jan 08 17:57:29 2014
17:57         quit │  Martin
--- Log closed Mi Jan 08 18:02:39 2014
--- Log opened Mi Jan 08 18:07:33 2014
18:07         quit │  Martin
--- Log closed Mi Jan 08 18:12:39 2014
--- Log opened Mi Jan 08 18:20:08 2014
18:20         quit │  Martin
--- Log closed Mi Jan 08 18:25:39 2014
--- Log opened Mi Jan 08 18:32:43 2014
18:32         quit │  Martin
--- Log closed Mi Jan 08 18:38:39 2014
--- Log opened Mi Jan 08 18:52:54 2014
18:52         quit │  Martin
--- Log closed Mi Jan 08 18:58:39 2014
--- Log opened Mi Jan 08 19:10:31 2014
19:10         quit │  Martin
--- Log closed Mi Jan 08 19:15:39 2014
--- Log opened Mi Jan 08 19:23:06 2014
19:23         quit │  Martin
--- Log closed Mi Jan 08 19:28:39 2014
--- Log opened Mi Jan 08 19:33:10 2014
19:33         quit │  Martin
--- Log closed Mi Jan 08 19:38:39 2014
--- Log opened Mi Jan 08 19:44:04 2014
19:44  < und ich hätt3e morgen zeut
19:48         quit │  Martin
--- Log closed Mi Jan 08 19:53:39 2014
--- Log opened Mi Jan 08 19:58:20 2014
19:58         quit │  Martin
--- Log closed Mi Jan 08 20:03:39 2014
--- Log opened Mi Jan 08 20:23:34 2014
20:23         quit │  Martin
--- Log closed Mi Jan 08 20:28:39 2014
--- Log opened Mi Jan 08 20:31:07 2014
20:31         quit │  Martin
--- Log closed Mi Jan 08 20:36:39 2014
--- Log opened Mi Jan 08 20:43:42 2014
20:43         quit │  Martin
--- Log closed Mi Jan 08 20:49:39 2014
--- Log opened Mi Jan 08 21:01:19 2014
21:01         quit │  Martin
--- Log closed Mi Jan 08 21:06:39 2014
--- Log opened Mi Jan 08 21:16:25 2014
21:16         quit │  Martin
--- Log closed Mi Jan 08 21:21:39 2014
--- Log opened Mi Jan 08 21:29:00 2014
21:29         quit │  Martin
21:34         quit │  Martin
--- Log closed Mi Jan 08 21:39:39 2014
--- Log opened Mi Jan 08 21:49:08 2014
21:49         quit │  Martin
--- Log closed Mi Jan 08 21:54:39 2014
--- Log opened Mi Jan 08 21:56:41 2014
21:56         quit │  Martin
--- Log closed Mi Jan 08 22:02:39 2014
--- Log opened Mi Jan 08 22:11:47 2014
22:11         quit │  Martin
--- Log closed Mi Jan 08 22:17:39 2014
--- Log opened Mi Jan 08 22:21:51 2014
22:21         quit │  Martin
--- Log closed Mi Jan 08 22:27:39 2014
--- Log opened Mi Jan 08 22:29:24 2014
22:29         quit │  Martin
--- Log closed Mi Jan 08 22:34:39 2014
--- Log opened Mi Jan 08 23:54:25 2014
23:54         quit │  Martin
--- Log closed Mi Jan 08 23:59:39 2014
--- Log opened Do Jan 09 00:22:06 2014
00:22         quit │  Martin
--- Log closed Do Jan 09 00:27:39 2014
--- Log opened Do Jan 09 01:12:26 2014
01:12         quit │  Martin
--- Log closed Do Jan 09 01:17:40 2014
--- Log opened Do Jan 09 05:36:39 2014
05:36         quit │  Martin
--- Log closed Do Jan 09 05:41:40 2014
--- Log opened Do Jan 09 06:04:20 2014
06:04         quit │  Martin
--- Log closed Do Jan 09 06:09:40 2014
--- Log opened Do Jan 09 10:38:38 2014
10:38         quit │  Martin
--- Log closed Do Jan 09 10:43:40 2014
--- Log opened Do Jan 09 10:58:46 2014
10:58         quit │  Martin
--- Log closed Do Jan 09 11:04:40 2014
--- Log opened Do Jan 09 11:06:19 2014
11:06         quit │  Martin
--- Log closed Do Jan 09 11:11:40 2014
--- Log opened Do Jan 09 11:13:51 2014
11:13         quit │  Martin
--- Log closed Do Jan 09 11:19:40 2014
--- Log opened Do Jan 09 11:21:24 2014
11:21         quit │  Martin
--- Log closed Do Jan 09 11:26:40 2014
--- Log opened Do Jan 09 11:39:01 2014
11:39         quit │  Martin
--- Log closed Do Jan 09 11:44:40 2014
--- Log opened Do Jan 09 11:54:07 2014
11:54         quit │  Martin
--- Log closed Do Jan 09 11:59:40 2014
--- Log opened Do Jan 09 12:04:11 2014
12:04         quit │  Martin
--- Log closed Do Jan 09 12:09:40 2014
--- Log opened Do Jan 09 12:21:48 2014
12:21         quit │  Martin
--- Log closed Do Jan 09 12:27:40 2014
--- Log opened Do Jan 09 12:39:25 2014
12:39         quit │  Martin
12:44         quit │  Martin
--- Log closed Do Jan 09 12:49:40 2014
--- Log opened Do Jan 09 13:14:39 2014
13:14         quit │  Martin
--- Log closed Do Jan 09 13:19:40 2014
--- Log opened Do Jan 09 13:29:45 2014
13:29         quit │  Martin
13:34         quit │  Martin
--- Log closed Do Jan 09 13:40:40 2014
--- Log opened Do Jan 09 14:02:28 2014
14:02         quit │  Martin
--- Log closed Do Jan 09 14:07:40 2014
--- Log opened Do Jan 09 14:22:36 2014
14:22         quit │  Martin
--- Log closed Do Jan 09 14:27:40 2014
--- Log opened Do Jan 09 14:32:40 2014
14:32         quit │  Martin
--- Log closed Do Jan 09 14:37:40 2014
--- Log opened Do Jan 09 14:42:44 2014
14:42         quit │  Martin
--- Log closed Do Jan 09 14:48:40 2014
--- Log opened Do Jan 09 14:50:17 2014
14:50         quit │  Martin
--- Log closed Do Jan 09 14:55:40 2014
--- Log opened Do Jan 09 15:02:53 2014
15:02         quit │  Martin
--- Log closed Do Jan 09 15:08:40 2014
--- Log opened Do Jan 09 15:17:59 2014
15:17         quit │  Martin
--- Log closed Do Jan 09 15:23:40 2014
--- Log opened Do Jan 09 15:25:32 2014
15:25         quit │  Martin
--- Log closed Do Jan 09 15:30:40 2014
--- Log opened Do Jan 09 15:33:05 2014
15:33         quit │  Martin
15:38         quit │  Martin
--- Log closed Do Jan 09 15:43:40 2014
--- Log opened Do Jan 09 15:53:13 2014
15:53         quit │  Martin
15:58         quit │  Martin
--- Log closed Do Jan 09 16:03:40 2014
--- Log opened Do Jan 09 16:08:19 2014
16:08         quit │  Martin
--- Log closed Do Jan 09 16:13:40 2014
--- Log opened Do Jan 09 16:28:27 2014
16:28         quit │  Martin
--- Log closed Do Jan 09 16:33:40 2014
--- Log opened Do Jan 09 16:36:00 2014
16:36         quit │  Martin
--- Log closed Do Jan 09 16:41:40 2014
--- Log opened Do Jan 09 17:01:10 2014
17:01         quit │  Martin
--- Log closed Do Jan 09 17:06:40 2014
--- Log opened Do Jan 09 17:18:46 2014
17:18         quit │  Martin
17:23         quit │  Martin
--- Log closed Do Jan 09 17:29:40 2014
--- Log opened Do Jan 09 17:33:52 2014
17:33         quit │  Martin
--- Log closed Do Jan 09 17:39:40 2014
--- Log opened Do Jan 09 17:46:27 2014
17:46         quit │  Martin
--- Log closed Do Jan 09 17:51:40 2014
--- Log opened Do Jan 09 17:59:02 2014
17:59         quit │  Martin
--- Log closed Do Jan 09 18:04:40 2014
--- Log opened Do Jan 09 18:09:06 2014
18:09         quit │  Martin
--- Log closed Do Jan 09 18:14:41 2014
--- Log opened Do Jan 09 18:34:16 2014
18:34         quit │  Martin
--- Log closed Do Jan 09 18:39:41 2014
--- Log opened Do Jan 09 18:51:52 2014
18:51         quit │  Martin
--- Log closed Do Jan 09 18:57:41 2014
--- Log opened Do Jan 09 19:29:38 2014
19:29         quit │  Martin
--- Log closed Do Jan 09 19:34:41 2014
--- Log opened Do Jan 09 19:57:19 2014
19:57         quit │  Martin
--- Log closed Do Jan 09 20:02:41 2014
--- Log opened Do Jan 09 20:07:23 2014
20:07         quit │  Martin
--- Log closed Do Jan 09 20:12:41 2014
--- Log opened Do Jan 09 20:35:06 2014
20:35         quit │  Martin
--- Log closed Do Jan 09 20:40:41 2014
--- Log opened Do Jan 09 20:50:11 2014
20:50         quit │  Martin
--- Log closed Do Jan 09 20:55:41 2014
--- Log opened Do Jan 09 21:00:15 2014
21:00         quit │  Martin
--- Log closed Do Jan 09 21:05:41 2014
--- Log opened Do Jan 09 21:07:48 2014
21:07         quit │  Martin
--- Log closed Do Jan 09 21:13:41 2014
--- Log opened Do Jan 09 21:17:52 2014
21:17         quit │  Martin
21:22         quit │  Martin
--- Log closed Do Jan 09 21:28:41 2014
--- Log opened Do Jan 09 21:32:58 2014
21:32         quit │  Martin
--- Log closed Do Jan 09 21:38:41 2014
--- Log opened Do Jan 09 21:45:33 2014
21:45         quit │  Martin
21:50         quit │  Martin
--- Log closed Do Jan 09 21:55:41 2014
--- Log opened Do Jan 09 22:13:14 2014
22:13         quit │  Martin
--- Log closed Do Jan 09 22:18:41 2014
--- Log opened Do Jan 09 22:30:49 2014
22:30         quit │  Martin
--- Log closed Do Jan 09 22:36:41 2014
--- Log opened Do Jan 09 22:48:26 2014
22:48         quit │  Martin
--- Log closed Do Jan 09 22:53:41 2014
--- Log opened Do Jan 09 23:03:34 2014
23:03         quit │  Martin
--- Log closed Do Jan 09 23:08:41 2014
--- Log opened Do Jan 09 23:16:09 2014
23:16         quit │  Martin
--- Log closed Do Jan 09 23:21:41 2014
--- Log opened Fr Jan 10 05:43:45 2014
05:43         quit │  Martin
--- Log closed Fr Jan 10 05:49:41 2014
--- Log opened Fr Jan 10 06:06:24 2014
06:06         quit │  Martin
--- Log closed Fr Jan 10 06:11:41 2014
--- Log opened Fr Jan 10 06:26:32 2014
06:26         quit │  Martin
--- Log closed Fr Jan 10 06:31:41 2014
--- Log opened Fr Jan 10 07:29:27 2014
07:29         quit │  Martin
--- Log closed Fr Jan 10 07:34:41 2014
--- Log opened Fr Jan 10 07:49:35 2014
07:49         quit │  Martin
--- Log closed Fr Jan 10 07:54:41 2014
--- Log opened Fr Jan 10 08:24:49 2014
08:24         quit │  Martin
08:29         quit │  Martin
--- Log closed Fr Jan 10 08:35:41 2014
--- Log opened Fr Jan 10 08:42:26 2014
08:42         quit │  Martin
--- Log closed Fr Jan 10 08:47:41 2014
--- Log opened Fr Jan 10 08:52:32 2014
08:52         quit │  Martin
--- Log closed Fr Jan 10 08:57:41 2014
--- Log opened Fr Jan 10 09:12:40 2014
09:12         quit │  Martin
--- Log closed Fr Jan 10 09:17:41 2014
--- Log opened Fr Jan 10 09:27:46 2014
09:27         quit │  Martin
09:32         quit │  Martin
--- Log closed Fr Jan 10 09:38:41 2014
--- Log opened Fr Jan 10 09:42:53 2014
09:42         quit │  Martin
--- Log closed Fr Jan 10 09:48:42 2014
--- Log opened Fr Jan 10 10:58:24 2014
10:58         quit │  Martin
--- Log closed Fr Jan 10 11:03:42 2014
--- Log opened Fr Jan 10 11:11:02 2014
11:11         quit │  Martin
--- Log closed Fr Jan 10 11:16:42 2014
--- Log opened Fr Jan 10 11:31:10 2014
11:31         quit │  Martin
--- Log closed Fr Jan 10 11:36:42 2014
--- Log opened Fr Jan 10 11:56:21 2014
11:56         quit │  Martin
--- Log closed Fr Jan 10 12:01:42 2014
--- Log opened Fr Jan 10 12:06:25 2014
12:06         quit │  Martin
--- Log closed Fr Jan 10 12:11:42 2014
--- Log opened Fr Jan 10 12:24:02 2014
12:24         quit │  Martin
--- Log closed Fr Jan 10 12:29:42 2014
--- Log opened Fr Jan 10 12:31:35 2014
12:31         quit │  Martin
--- Log closed Fr Jan 10 12:36:42 2014
--- Log opened Fr Jan 10 12:49:12 2014
12:49         quit │  Martin
--- Log closed Fr Jan 10 12:54:42 2014
--- Log opened Fr Jan 10 13:11:51 2014
13:11         quit │  Martin
--- Log closed Fr Jan 10 13:17:42 2014
--- Log opened Fr Jan 10 14:02:12 2014
14:02         quit │  Martin
--- Log closed Fr Jan 10 14:07:42 2014
--- Log opened Fr Jan 10 14:27:23 2014
14:27         quit │  Martin
--- Log closed Fr Jan 10 14:32:42 2014
--- Log opened Fr Jan 10 14:34:56 2014
14:34         quit │  Martin
--- Log closed Fr Jan 10 14:40:42 2014
--- Log opened Fr Jan 10 14:42:29 2014
14:42         quit │  Martin
14:43  >                                                                                                                                                                                                                                                                                                                                                                                                                                                                                                                                                                                                                                                                                                                                                                                                                                                                                                                                                                                                                                                                                                                                                                                                                                                                                                                                                                                                                                                                                                                                                                                                                                                                                                                                                                                                                                                                                                                                                                                                                                                                                                                                                                                                                                                                                                                                                                                                                                                                                                                                                                                                                                                                                                                                                                                                                                                                                                                                                                                                                                                                                                                                                                                                                                                                                                                                                                                                                                                                                                                                                                                                                                                                                                                                                                                                                                                                                                                                                                                                                                                                                                                                                                                                                                                                                                                                                                                                                                                                                                                                                                                                                                                                                                                                                                                                                                                                                                                                                                                                                                                                                                                                                                                                                                                                                                                                                                                                                                                                                                                                                                                                                                                                                                                                                                                                                                                                                                                                                                                                                                                                                                                                                                                                                                                                                                                                                                                                                                                                                                                                                                                                                                                                                                                                                                                                                                                                                                                                                                                                                                                                                                                                                                                                                                                                                                                                                                                                                                                                                                                                                                                                                                                                                                                                                                                                                                                                                                                                                                                                                                                                                                                                                                                                                                                                                                                                                                                                                                                                                                                                                                                                                                                                                                                                                                                                                                                                                                                                                                                                                                                                                                                                                                                                                                                                                                                                                                                                                                                                                                                                                                                                                                                                                                                                                                                                                                                                                                                                                                                                                                                                                                                                                                                                                                                                                                                                                                                                                                                                                                                                                                                                                                                                                                                                                                                                                                                                                                                                                                                                                                                                                                                                                                                                                                                                                                                                                                                                                                                                                                                                                                                                                                                                                                                                                                                                                                                                                                                                                                                                                                                                                                                                                                                                                                                                                                                                                                                                                                                                                                                                                                                                                                                                                                                                                                                                                                                                                                                                                                                                                                                                                                                                                                                                                                                                                                                                                                                                                                                                                                                                                                                                                                                                                                                                                                                                                                                                                                                                                                                                                                                                                                                                                                                                                                                                                                                                                                                                                                                                                                                                                                                                                                                                                                                                                                                                                                                                                                                                                                                                                                                                                                                                                                                                                                                                                                                                                                                                                                                                                                                                                                                                                                                                                                                                                                                                                                                                                                                                                                                                                                                                                                                                                                                                                                                                                                                                                                                                                                                                                                                                                                                                                                                                                                                                                                                                                                                                                                                                                                                                                                                                                                                                                                                                                                                                                                                                                                                                                                                                                                                                                                                                                                                                                                                                                                                                                                                                                                                                                                                                                                                                                                                                                                                                                                                                                                                                                                                                                                                                                                                                                                                                                                                                                                                                                                                                                                                                                                                                                                                                                                                                                                                                                                                                                                                                                                                                                                                                                                                                                                                                                                                                                                                                                                                                                                                                                                                                                                                                                                                                                                                                                                                                                                                                                                                                                                                                                                                                                                                                                                                                                                                                                                                                                                                                                                                                                                                                                                                                                                                                                                                                                                                                                                                                                                                                                                                                                                                                                                                                                                                                                                                                                                                                                                                                                                                                                                                                                                                                                                                                                                                                                                                                                                                                                                                                                                                                                                                                                                                                                                                                                                                                                                                                                                                                                                                                                                                                                                                                                                                                                                                                                                                                                                                                                                                                                                                                                                                                                                                                                                                                                                                                                                                                                                                                                                                                                                                                                                                                                                                                                                                                                                                                                                                                                                                                                                                                                                                                                                                                                                                                                                                                                                                                                                                                                                                                                                                                                                                                                                                                                                                                                                                                                                                                                                                                                                                                                                                                                                                                                                                                                                                                                                                                                                                                                                                                                                                                                                                                                                                                                                                                                                                                                                                                                                                                                                                                                                                                                                                                                                                                                                                                                                                                                                                                                                                                                                                                                                                                                                                                                                                                                                                                                                                                                                                                                                                                                                                                                                                                                                                                                                                                                                                                                                                                                                                                                                                                                                                                                                                                                                                                                                                                                                                                                                                                                                                                                                                                                                                                                                                                                                                                                                                                                                                                                                                                                                                                                                                                                                                                                                                                                                                                                                                                                                                                                                                                                                                                                                                                                                                                                                                                                                                                                                                                                                                                                                                                                                                                                                                                                                                                                                                                                                                                                                                                                                                                                                                                                                                                                                                                                                                                                                                                                                                                                                                                                                                                                                                                                                                                                                                                                                                                                                                                                                                                                                                                                                                                                                                                                                                                                                                                                                                                                                                                                                                                                                                                                                                                                                                                                                                                                                                                                                                                                                                                                                                                                                                                                                                                                                                                                                                                                                                                                                                                                                                                                                                                                                                                                                                                                                                                                                                                                                                                                                                                                                                                                                                                                                                                                                                                                                                                                                                                                                                                                                                                                                                                                                                                                                                                                                                                                                                                                                                                                                                                                                                                                                                                                                                                                                                                                                                                                                                                                                                                                                                                                                                                                                                                                                                                                                                                                                                                                                                                                                                                                                                                                                                                                                                                                                                                                                                                                                                                                                                                                                                                                                                                                                                                                                                                                                                                                                                                                                                        /quit
--- Log closed Fr Jan 10 14:43:17 2014
--- Log opened Di Jan 14 19:41:57 2014
19:41 Starting query in neuromatic with 
19:41  < ja der hdmi passt nit ^^
19:42  > Hab ich mir schon gedacht^^
19:45         quit │  Martin
--- Log closed Di Jan 14 19:50:50 2014
--- Log opened Di Jan 14 19:52:37 2014
19:52         quit │  Martin
--- Log closed Di Jan 14 19:57:50 2014
--- Log opened Di Jan 14 20:02:41 2014
20:02         quit │  Martin
20:07         quit │  Martin
--- Log closed Di Jan 14 20:12:50 2014
--- Log opened Di Jan 14 20:17:46 2014
20:17         quit │  Martin
--- Log closed Di Jan 14 20:22:50 2014
--- Log opened Di Jan 14 20:58:01 2014
20:58         quit │  Martin
--- Log closed Di Jan 14 21:03:50 2014
--- Log opened Di Jan 14 21:08:05 2014
21:08         quit │  Martin
--- Log closed Di Jan 14 21:13:50 2014
--- Log opened Di Jan 14 21:18:09 2014
21:18         quit │  Martin
--- Log closed Di Jan 14 21:23:50 2014
--- Log opened Di Jan 14 22:00:56 2014
22:00         quit │  Martin
--- Log closed Di Jan 14 22:06:50 2014
--- Log opened Di Jan 14 22:13:31 2014
22:13         quit │  Martin
--- Log closed Di Jan 14 22:18:50 2014
--- Log opened Di Jan 14 22:26:05 2014
22:26         quit │  Martin
--- Log closed Di Jan 14 22:31:50 2014
--- Log opened Di Jan 14 22:38:40 2014
22:38         quit │  Martin
--- Log closed Di Jan 14 22:43:50 2014
