--- Log opened Mi Jan 08 12:57:07 2014
12:57 Starting query in neuromatic with 
12:57  < danny na^^ wie gehts
--- Log closed Mi Jan 08 13:02:39 2014
--- Log opened Mi Jan 08 13:05:33 2014
13:05         quit │  Nicky
--- Log closed Mi Jan 08 13:10:39 2014
--- Log opened Mi Jan 08 13:15:37 2014
13:15         quit │  Nicky
--- Log closed Mi Jan 08 13:20:39 2014
--- Log opened Mi Jan 08 13:23:10 2014
13:23         quit │  Nicky
--- Log closed Mi Jan 08 13:28:39 2014
--- Log opened Mi Jan 08 13:40:47 2014
13:40         quit │  Nicky
--- Log closed Mi Jan 08 13:46:39 2014
--- Log opened Mi Jan 08 13:55:53 2014
13:55         quit │  Nicky
--- Log closed Mi Jan 08 14:01:39 2014
--- Log opened Mi Jan 08 14:05:57 2014
14:05         quit │  Nicky
--- Log closed Mi Jan 08 14:11:39 2014
--- Log opened Mi Jan 08 14:36:19 2014
14:36  < ????
14:41         quit │  Nicky
--- Log closed Mi Jan 08 14:46:39 2014
--- Log opened Mi Jan 08 14:53:46 2014
14:53         quit │  Nicky
--- Log closed Mi Jan 08 14:59:39 2014
--- Log opened Mi Jan 08 15:18:56 2014
15:18         quit │  Nicky
--- Log closed Mi Jan 08 15:24:39 2014
--- Log opened Mi Jan 08 15:36:33 2014
15:36         quit │  Nicky
--- Log closed Mi Jan 08 15:41:39 2014
--- Log opened Mi Jan 08 15:44:06 2014
15:44         quit │  Nicky
--- Log closed Mi Jan 08 15:49:39 2014
--- Log opened Mi Jan 08 16:44:30 2014
16:44         quit │  Nicky
--- Log closed Mi Jan 08 16:49:39 2014
--- Log opened Mi Jan 08 16:54:34 2014
16:54         quit │  Nicky
--- Log closed Mi Jan 08 16:59:39 2014
--- Log opened Mi Jan 08 17:01:10 2014
17:01  < denny
17:04         quit │  Nicky
--- Log closed Mi Jan 08 17:09:39 2014
--- Log opened Mi Jan 08 17:19:44 2014
17:19         quit │  Nicky
--- Log closed Mi Jan 08 17:25:39 2014
--- Log opened Mi Jan 08 17:32:19 2014
17:32         quit │  Nicky
--- Log closed Mi Jan 08 17:37:39 2014
--- Log opened Mi Jan 08 18:22:39 2014
18:22         quit │  Nicky
--- Log closed Mi Jan 08 18:27:39 2014
--- Log opened Mi Jan 08 18:37:45 2014
18:37         quit │  Nicky
--- Log closed Mi Jan 08 18:43:39 2014
--- Log opened Mi Jan 08 19:20:35 2014
19:20         quit │  Nicky
--- Log closed Mi Jan 08 19:25:39 2014
--- Log opened Mi Jan 08 20:08:24 2014
20:08         quit │  Nicky
--- Log closed Mi Jan 08 20:13:39 2014
--- Log opened Mi Jan 08 20:15:57 2014
20:15         quit │  Nicky
--- Log closed Mi Jan 08 20:21:39 2014
--- Log opened Mi Jan 08 20:23:34 2014
20:23         quit │  Nicky
--- Log closed Mi Jan 08 20:28:39 2014
--- Log opened Mi Jan 08 20:33:38 2014
20:33         quit │  Nicky
--- Log closed Mi Jan 08 20:38:39 2014
--- Log opened Mi Jan 08 21:34:02 2014
21:34         quit │  Nicky
21:39         quit │  Nicky
--- Log closed Mi Jan 08 21:44:39 2014
--- Log opened Mi Jan 08 21:46:37 2014
21:46         quit │  Nicky
--- Log closed Mi Jan 08 21:51:39 2014
--- Log opened Mi Jan 08 22:29:24 2014
22:29         quit │  Nicky
--- Log closed Mi Jan 08 22:34:39 2014
--- Log opened Mi Jan 08 23:22:15 2014
23:22         quit │  Nicky
--- Log closed Mi Jan 08 23:27:39 2014
--- Log opened Do Jan 09 12:36:54 2014
12:36         quit │  Nicky
--- Log closed Do Jan 09 12:42:40 2014
--- Log opened Do Jan 09 13:02:04 2014
13:02         quit │  Nicky
--- Log closed Do Jan 09 13:07:40 2014
--- Log opened Do Jan 09 14:52:48 2014
14:52         quit │  Nicky
--- Log closed Do Jan 09 14:58:40 2014
--- Log opened Do Jan 09 15:10:26 2014
15:10         quit │  Nicky
--- Log closed Do Jan 09 15:15:40 2014
--- Log opened Do Jan 09 16:41:02 2014
16:41         quit │  Nicky
--- Log closed Do Jan 09 16:46:40 2014
--- Log opened Do Jan 09 18:56:54 2014
18:56         quit │  Nicky
--- Log closed Do Jan 09 19:02:41 2014
--- Log opened Do Jan 09 19:14:32 2014
19:14         quit │  Nicky
--- Log closed Do Jan 09 19:19:41 2014
--- Log opened Do Jan 09 19:24:36 2014
19:24         quit │  Nicky
--- Log closed Do Jan 09 19:29:41 2014
--- Log opened Do Jan 09 19:34:40 2014
19:34         quit │  Nicky
--- Log closed Do Jan 09 19:39:41 2014
--- Log opened Fr Jan 10 10:10:34 2014
10:10         quit │  Nicky
--- Log closed Fr Jan 10 10:15:42 2014
--- Log opened Fr Jan 10 11:33:41 2014
11:33         quit │  Nicky
--- Log closed Fr Jan 10 11:38:42 2014
--- Log opened Fr Jan 10 12:29:04 2014
12:29         quit │  Nicky
--- Log closed Fr Jan 10 12:34:42 2014
--- Log opened Fr Jan 10 13:11:51 2014
13:11         quit │  Nicky
--- Log closed Fr Jan 10 13:17:42 2014
--- Log opened Fr Jan 10 13:21:56 2014
13:21         quit │  Nicky
--- Log closed Fr Jan 10 13:27:42 2014
--- Log opened So Jan 12 01:22:34 2014
01:22 Starting query in neuromatic with 
01:22  < danny schreib ma back
--- Log closed So Jan 12 01:28:25 2014
--- Log opened So Jan 12 01:31:12 2014
01:31         quit │  Nicky
01:32  > Sorry, hab meinen Rechner in letzer Zeit selten im Auge
01:33  < ok alter wie geht ea dir man
--- Log closed So Jan 12 01:38:25 2014
--- Log opened So Jan 12 01:43:47 2014
01:43         quit │  Nicky
--- Log closed So Jan 12 01:49:25 2014
--- Log opened So Jan 12 02:01:24 2014
02:01         quit │  Nicky
--- Log closed So Jan 12 02:06:25 2014
--- Log opened So Jan 12 02:11:28 2014
02:11         quit │  Nicky
--- Log closed So Jan 12 02:17:25 2014
--- Log opened So Jan 12 02:34:07 2014
02:34         quit │  Nicky
--- Log closed So Jan 12 02:39:25 2014
--- Log opened So Jan 12 02:41:40 2014
02:41         quit │  Nicky
--- Log closed So Jan 12 02:47:25 2014
--- Log opened So Jan 12 02:56:48 2014
02:56         quit │  Nicky
--- Log closed So Jan 12 03:02:25 2014
--- Log opened So Jan 12 03:29:31 2014
03:29         quit │  Nicky
--- Log closed So Jan 12 03:35:25 2014
--- Log opened So Jan 12 03:44:37 2014
03:44         quit │  Nicky
--- Log closed So Jan 12 03:50:25 2014
--- Log opened So Jan 12 03:58:40 2014
03:58  > Soweit ist alles gut was mich betrifft; wie geht es Dir so?
--- Log closed So Jan 12 04:04:25 2014
--- Log opened So Jan 12 17:36:48 2014
17:36 Starting query in neuromatic with 
17:36  < ???
--- Log closed So Jan 12 17:41:53 2014
--- Log opened So Jan 12 17:46:41 2014
17:46  > ???
17:47  < schreibst och nee zurück^^
17:47  > Ich geb mir Mühe, habe meinen Client aber selten im Fokus, weil man mich sogut wie nie anschreibt :D
17:48  < doch ich ^^  haste skype???
17:49  > Nein, ich halte mich von allen Microsoftproduken fern ;)
17:50  < what du hast aber pc lach denny bist zu geil^^
17:51  > Ich habe zwar ein PC, der läuft aber nicht mit Windows; Du weißt Doch dass ich in meinen Idealen sehr konsequent bin :D
17:51  < joo ^^ zeig mal bild von dir^^
17:52  > Von mir persönlich?
17:52  < jaa
17:52  > k, mom
17:54  > http://i.imgur.com/lQsVavl.jpg
17:54  > So jetzt Du
17:56  < wie geil^^ 
17:57  < Nicky Walter hat ein Bild geschickt.
17:57  < https://www.facebook.com/messages/100005231802735
17:57  > Kannst Du das Bild außerhalb von Facebook hochladen? Ich bin grad nicht angemeldet
17:58  < nee bin über ps vita on^^
17:58  > Mist. Mein Client läuft über die Konsole, deswegen kann ich keine dirketen Bilder annehmen -.-
17:59  < ok schade
17:59  > Naja, vielleicht ein anderes Mal.
17:59  > Was gibts sonst so neues bei Dir?
17:59  < wo wohnst du jetzt eigentlich
17:59  > Rendsburg
18:00  > War aber ein Jahr in Köln
18:00  < ok komm ma nach eck treffen^^
18:00  > Ist momentan ein bisschen schlecht, ich hab ein Kind^^
18:01  < ok krass^^ allso biste kei single mehr
18:02  > Nein, bin seit ca. 4 Jahren in einer festen Beziehung. Und was macht die Liebe bei Dir?
18:02  < jetzt heute kein sigle mehr^^ sie wohnt aber in nrw
18:03  > Ah, so wie bei mir Anfangs. Hast Du vor mal runter zu fahren?
18:03  < jaa zu ihr^^
18:04  > Schon klar lul. Schon einen Plan wann es losgehen soll?
18:06  < sein sommerferien oder so^^
18:06  < soll ich mich dir beschreiben kurz und knapp
18:06  > Mach das mal
18:06  < nein*
18:07  < ok emo cyber gothic schlammpe*_*
18:07  > Was denn sonst. Wohnt sie im Dunstkreis von Leverkusen
18:07  > ?
18:07  < abernur vom aussehen^^
18:08  > Die hab ich bestimmt schon mal im Shadow gesehen :D
18:08  < kenn plan frage sie gleich mall sie is ohne mich duschen heul
18:08  < ok^^
18:11  < noch da^^
18:11  > Ja, ich weiß nur nicht, was man auf ''ok'' antwortet
18:12  < ^^  ich schriebe dir nochwas
18:12  < haste tel rufmich mal an
18:13  > Ja, ich habe ein Telefon, allerdings telefoniere ich nur sehr ungern, da ist mir die Kommunikation über eine verschlüsselte Internetleitung lieber ;)
18:14  < oh du quatsch kopf will mal wieder was mit dir machen^^
18:15  > Ich denke das werden wir schon irgendwann mal hinbekommen. Ich muss das halt mit dem Dienstplan meiner Freundin und der Buszeiten abgleichen…
18:16  < ja wie früher in der wg^^
18:17  > Die Nächte mit Herr der Ringe auf der GameCube fehlen mir :D
18:18  < ^^ habe auf ps3^^
18:19  > Ich stehe auf diese Rundenbasierten Rollenspiele. Bin derzeit wieder Knights of the Old Republic 1 am zocken. Benutzt die Never Winter Nights Engine. Kennst Du noch Never Winter Nights?
18:20  < jaa^^
18:20  > Zu geil
18:20  < kennste noch friedhof ficken^^
18:20  > In der Tat ;)
18:21  > Die Schlampe treibt sich jetzt mit Nazis rum
18:21  < ^^ lach wir 2^^
18:22  > War eine schöne Zeit, auch wenn wir nie Geld hatten lel
18:22  < ok hmm fotze
18:22  < ja egal^^
18:23  > Wie mir niemand geglaubt hat, dass ich die Klamotten die ich gekauft hatte in der Stadt vergessen hab und deswegen bis zum Schluss Schulden bei den Betruern hatte :D
18:23  > Dazu das ständige Rauchen im Zimmer
18:23  < was krass
18:24  < ^^
18:24  > Hast Du sie zwischenzeitig eigentlich mal besucht?
18:24  < zu geil^^
18:24  < nö
18:25  > lol wieso nicht?
18:26  < nee ich habe stress mitder antifa
18:27  > Was hat das mit der WG zutun. Und wieso hast Du Stress mit der AntiFa?
18:28  < weil ich angeblich ein skin head bin stehe auch auf deren seite alls nazi
18:29  > Das ist ja erstmal nichts schlimmes
18:30  > Nur weil die Dich nicht mögen kann man das ja noch nicht als richtigen Stress bezeichnen. Darüber hinaus kann Dir das doch sowieso egal sein…
18:30  < ah ja trotzdem wen die das nicht rausnehmen flipp ich aus
18:31  > Du könntest einfach mal da vorbei gehen und das klarstellen. Die werden Dich ja nicht umbringen nur weil Du da auftauchst
18:31  < nee mit den rede ich nich lasse die sete sperren
18:33  > Du lässt welche Seite sperren?
18:34  < deren seite
18:34  < ach weisste was ich scheiss drauf
18:34  > Wo haben die denn eine Seite?
18:34  > Schick mir mal einen Link, die will ich mir mal ansehen
18:35  < ganz ehrlich nur weil ich lonsdale und so trage pffff
18:36  > Naja, Du weißt doch das es diese Erkennungsmerkmale benutzt; wenn Du nicht für ein Fascho gehalten werden willst, dass wähle doch einfach eine andere Kleindungsmarke?!
18:38  < nee nur deswegen pfff solen mall rescherschiren über die marke
18:40  > Andere Menschen kannst Du nicht verändern; aber Du kannst dafür sorgen, dass man Dich mit anderen Augen sieht. Wenn Du das nicht willst, dann solltest Du Dich auch nicht beschweren :P
18:40  < danny ich hang auch mi skins rum aber jetzt nicht mehr bleibe bei julian und cyber und so^^ sorry ja ich war dumm
18:42  > Bin mal eben eine rauchen
18:42  < ok
--- Log closed So Jan 12 18:47:53 2014
--- Log opened So Jan 12 18:48:50 2014
18:48  > Wieder da
18:49  < ok haste gelesen
18:51  > Ja hab ich, allerdings ist das ein Thema bei dem Du letzlich selbst wissen musst was Du tust und wie Du Dich verhälst. Es liegt mir fern mich dort einzumischen
18:52  < jaa ich weiss  hoffe das steht nicht zwischen uns
18:56  > Ne, letzlich ist es mir ehrlich gesagt auch egal wie Du das handhabst. Politische Differenzen sind nun wirklich das AO. Immerhin kennen wir uns schon eine ganze Weile und ich weiß ja, dass Du kein Nazi bist. 
18:57  < ^^ eben bin freake ^^ wen ich ehrlich bin warste mir ein bruder*_*
18:58  > Wir wollen doch jetzt nicht sentimental werden :D. Aber Du warst mir auch einer 
18:59  < ^^ doch wollen wir das musste endlich mal raus
19:00  > Also gut :P
19:01  < ^^ ach ja die kommt aus dormund meine freundin
19:04  > Dann war sie wohl doch nicht im Shadow
19:04  < ^^
19:04  > Naja, hätt ja sein können
19:06  < wir schreiben später weiter ja will mit ihr skypen^^
19:07  > Alles Klar, wir sehen uns dann
--- Log closed So Jan 12 19:07:07 2014
--- Log opened So Jan 12 19:07:55 2014
19:07 Starting query in neuromatic with 
19:07  < jaa bro^^
--- Log closed So Jan 12 19:08:33 2014
--- Log opened Mo Jan 13 23:13:29 2014
23:13 Starting query in neuromatic with 
23:13  < na
--- Log closed Mo Jan 13 23:19:24 2014
--- Log opened Mo Jan 13 23:35:21 2014
23:35         quit │  Nicky
--- Log closed Mo Jan 13 23:40:24 2014
--- Log opened Mo Jan 13 23:42:55 2014
23:42         quit │  Nicky
23:45  > na
23:46  < wad machste
--- Log closed Mo Jan 13 23:51:24 2014
--- Log opened Mo Jan 13 23:52:58 2014
23:52         quit │  Nicky
23:56  > Bin im irc und schaue TV-Total. Und Du?
23:57  < ich bin bei julian und zocken^^
23:58  > Wer ist julian? Was zockst Du denn?
--- Day changed Di Jan 14 2014
00:00  < 8-9 klasse fritze ^^ wir zocken fiesta ^^ und ich später der herr der ringe und resident evil^^
00:00         quit │  Nicky
00:02  > Welches Resident Evil?
00:02  > Ich bring eben meine Freundin ins Bett…
00:03  < ok^^ resi 6 und5^^
--- Log closed Di Jan 14 00:08:24 2014
--- Log opened Di Jan 14 00:10:21 2014
00:10  > Fünf ist besser :)
00:11  < geht zocke eher den 6er^^ habe aber alle teile^^
00:11  > Nice^^ Zwei ist richtig geil
00:12  < nee 3 nemesis ^^ 
--- Log closed Di Jan 14 00:18:24 2014
--- Log opened Di Jan 14 00:28:12 2014
00:28         quit │  Nicky
00:32  < ???
00:32  > Ich bin noch da, bin nur nebenbei im Internet
00:33  < ???ok melde dich mal fb an
00:33  > Ne^^
00:35  < ok ^^wede in den oster ferien zu meiner freundin fahren^^
00:36  > Na dann viel Spaß :)
00:37  < ja den werde ich haben glaube mal*_*
--- Log closed Di Jan 14 00:42:24 2014
--- Log opened Di Jan 14 00:50:51 2014
00:50         quit │  Nicky
--- Log closed Di Jan 14 00:56:24 2014
--- Log opened Di Jan 14 00:58:24 2014
00:58         quit │  Nicky
--- Log closed Di Jan 14 01:03:24 2014
--- Log opened Di Jan 14 01:16:01 2014
01:16         quit │  Nicky
--- Log closed Di Jan 14 01:21:24 2014
--- Log opened Di Jan 14 01:23:35 2014
01:23         quit │  Nicky
01:28         quit │  Nicky
01:33         quit │  Nicky
--- Log closed Di Jan 14 01:39:24 2014
--- Log opened Di Jan 14 02:01:19 2014
02:01         quit │  Nicky
--- Log closed Di Jan 14 02:06:24 2014
--- Log opened Di Jan 14 02:18:54 2014
02:18         quit │  Nicky
--- Log closed Di Jan 14 02:24:24 2014
--- Log opened Di Jan 14 02:31:33 2014
02:31         quit │  Nicky
02:35  > Bin dann mal im Bett
--- Log closed Di Jan 14 02:39:49 2014
--- Log opened Di Jan 14 15:03:54 2014
15:03 Starting query in neuromatic with 
15:03  < tach^^
--- Log closed Di Jan 14 15:09:50 2014
--- Log opened Di Jan 14 15:25:58 2014
15:25  < danny?
--- Log closed Di Jan 14 15:31:50 2014
--- Log opened Di Jan 14 15:51:02 2014
15:51         quit │  Nicky
--- Log closed Di Jan 14 15:56:50 2014
--- Log opened Di Jan 14 16:03:37 2014
16:03         quit │  Nicky
--- Log closed Di Jan 14 16:08:50 2014
--- Log opened Di Jan 14 16:16:12 2014
16:16         quit │  Nicky
16:21         quit │  Nicky
--- Log closed Di Jan 14 16:26:50 2014
--- Log opened Di Jan 14 16:28:47 2014
16:28         quit │  Nicky
16:33         quit │  Nicky
--- Log closed Di Jan 14 16:38:50 2014
--- Log opened Di Jan 14 16:56:28 2014
16:56         quit │  Nicky
--- Log closed Di Jan 14 17:01:50 2014
--- Log opened Di Jan 14 17:21:40 2014
17:21         quit │  Nicky
--- Log closed Di Jan 14 17:26:50 2014
--- Log opened Di Jan 14 17:48:14 2014
17:48  > Sorry hab aufgeräumt
--- Log closed Di Jan 14 17:53:50 2014
--- Log opened Di Jan 14 19:12:21 2014
19:12         quit │  Nicky
--- Log closed Di Jan 14 19:17:50 2014
--- Log opened Di Jan 14 21:46:55 2014
21:46  < ^^
--- Log closed Di Jan 14 21:52:50 2014
--- Log opened Di Jan 14 22:18:33 2014
22:18         quit │  Nicky
--- Log closed Di Jan 14 22:23:50 2014
--- Log opened Di Jan 14 22:48:44 2014
22:48         quit │  Nicky
--- Log closed Di Jan 14 22:53:50 2014
--- Log opened Di Jan 14 23:03:50 2014
23:03         quit │  Nicky
--- Log closed Di Jan 14 23:05:54 2014
--- Log opened Mi Jan 15 09:52:28 2014
09:52 Starting query in neuromatic with 
09:52  < morgen^^
--- Log closed Mi Jan 15 09:58:01 2014
--- Log opened Mi Jan 15 10:32:09 2014
10:32         quit │  Nicky
--- Log closed Mi Jan 15 10:38:01 2014
--- Log opened Sa Jan 18 21:40:19 2014
21:40 Starting query in neuromatic with 
21:40  < nabend^^
--- Log closed Sa Jan 18 21:41:08 2014
--- Log opened Sa Jan 18 22:05:55 2014
22:05 Starting query in neuromatic with 
22:05  > sup?
22:07         quit │  Nicky
22:08  < wad^^
22:08  > What{s up}
22:13  < nix bei dir^^
22:14  > Nichts, ich sitze hier, rice meinen Desktop und trinke Soja-Milch lel
22:15  < ok lach ^^ ok ich zocke und schreibe mit ner freundin die punkerin is ^^ die is 35
22:17  > Hört sich ja faszinierend an…
22:18  < jaaaa^^ lass ma telen scheiss ma auf den scheiss den du immer sachst
22:19  > Wenn ich auf den Kram den ich immer sage scheißen würde, dann würde ich es nicht immer sagen
22:22         quit │  Nicky
22:24  < ^^ los gib nummer^^
22:25  > Aber dann rufst Du mich an und ich will nicht Telefonieren
22:27         quit │  Nicky
--- Log closed Sa Jan 18 22:32:32 2014
--- Log opened Sa Jan 18 23:03:10 2014
23:03 Starting query in neuromatic with 
23:03  < ok was den??
23:06  > Tja, ich würde ja vorschlagen wir kommunizieren weiter über facebook, auch wenn das nicht das Maß der Dinge ist, aber ich denk Du bist nicht ambitioniert Dir einen jabber-client zu installieren lul
23:07  < what is dat?
23:07  > Jabber ist ein OpenSource Instant-Messagning Protokoll. Sowas wie ICQ nur Freie Software
23:11  < haste youtube an??? höhr dir mall ein lied an das geil^^
23:11  > Gib Link
23:13  < nur namen eingeben
23:13  > Dann sag mir den namen
23:14  < Berliner weisse fahne im wind       geiler song^^
23:16  > Man versteht ihn ziemlich schlecht
23:17  < wen????
23:17  < doch sehr gut^^
23:17  > Den Sprecher zu Anfang. Aber es ist ein bisschen spät für solche Musik, meine Freundin ist schon im Bett
23:17  < ohhhh ^^
23:18  > Ja, merkte ich dann auch als es losging
23:18  > Ohnehin nicht so meine Mucke :D
23:18  < die is geil^^
23:19  > Bin ja eher ein Freund von Jazz und sowas :D
23:20  < set wan das^^
23:22  > Seit ich gemerkt habe, dass das musikalisch extrem hochwertig ist
23:23  < ah ja danny wo is unser wg danny;(
23:23  > Der ist genau wie vorher nur mit anderem Musikgeschmack und eigenem Besitz lel
23:25  < nee will rock danny ;(
23:25  > Ist ja nicht so als würde ich kein Rock mehr hören, nur weniger und keinen zu heftigen mehr, das wurde langweilig
23:26  < wa nein^^
23:27  > Immer der leiche Takt und immer die gleichen Tonleitern. Das ist langweilig. Manchmal gibt es Bands wie KoRn, die mal was anderes und rythmisch gewagtes machen, aber das ist viel zu selten
23:29  < ich bin noch so nur etwas härter^^
23:31  > Ich finde einfach die Rockmusik ist einfallslos geworden ;)
23:31  < nein^^
23:32  > Ein 'nein' ohne Beweis zählt in der realen Welt aber nicht ;)
23:33  < ^^ ok ich lebe rock ich bin rock^^
23:35  > Naja, ich werde jetzt mal ins Bett gehen
23:37         quit │  Nicky
--- Log closed Sa Jan 18 23:37:53 2014
--- Log opened So Jan 26 16:21:51 2014
16:21 Starting query in neuromatic with 
16:21  < danny???
16:22  > Ja???
16:23  < lust in 2bis 3 monaten nach eck zu kommen veranstalte nee demo
16:24  > Du?
16:24  < ja ich !?!?!?
16:24  > Was denn für eine Demo?
16:25  < gegen kinderschänder!!!!!!!!!!!!!
16:26  > Und was gibt es da zu demonstrieren?
16:26  < aufmerksam sachen reden htalten und muss mir nochwas einfallen lassen
16:27  > Du kannst doch Kinderschänder nicht wegdemonstrieren. Der Sinn dieser Aktion erschließt sich mir nich ganz
16:29  < eben werde auch mich mit annet müller zm tuhen und reden
16:29  > Wer ist Annet Müller?
16:32  < geh auf youtube und gib anet wir hasen kinderschänder   ein
16:32  > Okay, hab den Wikipediaartikel gelesen. Um ehrlich zu sein, kann ich nicht auf eine Demo gehen, wenn solche Leute dort herumfleuchen und den Geist der umstehenden verpesten
16:33  < meine is unpolitisch 
16:34  > Wenn Annet Müller dort ist aber nichtmehr
16:35  < oh doch  auch wen will aufmerksammachen 
16:36  < hallo sie hilft selbst schwarze kinder was los !!!!
16:39  > Es tut mir Leid, aber ich bin ein Mensch der es sich zum freiheitlichen Prinzip gemacht hat unser Land vor solch schändlichem Einfluss zu beschützen und eine Demonstration zu unterstützen die von derartigen Individuen unterwandert ist liegt mir mehr als fern. Außerdem hat Faschismus nichts mit Rassismus zutun; leider wird das oft verwechselt. Und ich werde auf keinen Fall eine Sache unterstützen die letzlich für hohle Prpaganda und PR-Aktionen ausgenutzt wird. Und wenn Du solche Menschen dabei hast, dann wird das ganze definitiv als PR ausgenutzt. Die NPD lebt nur noch von Spenden der Radikalen, die natürlich entsprechende Tendenzen von Ihrer Partei erwarten; es soll erreicht werden wieder 'seriöse' Geschäftsmanner ins Boot zu holen, ein angemessendes Image aufzubauen.
--- Log closed So Jan 26 16:44:32 2014
--- Log opened So Jan 26 16:47:09 2014
16:47         quit │  Nicky
--- Log closed So Jan 26 16:51:08 2014
