--- Log opened Sa Dez 28 15:05:35 2013
15:05 Starting query in neuromatic with 
15:05  < EAOFPSDFJOCFREPOFOADWKOWJCIREOEJVPODSJOCPRUPESYFJSOCJÖA
15:06  > :-(
15:07  < dfsldjsfdbg ?
15:07  > :'(
15:07  < -.-
15:08  > You always make me cry w/ such things :'(
15:09  < I´m so sorry
15:11  > Good
15:11  < I´m hungry ...
15:11  > I'm too. I will washing the pod in a few mins
15:12  < Okay.. And do you cook  too ?
15:12  > No, it will burning if I do that
15:16         quit │  Rika
--- Log closed Sa Dez 28 15:16:18 2013
--- Log opened So Jan 26 17:59:19 2014
17:59 Starting query in neuromatic with 
17:59  > Lee
17:59  > http://i0.kym-cdn.com/photos/images/original/000/101/781/Y0UJC.png
--- Log closed So Jan 26 18:04:32 2014
