--- Log opened Di Jan 07 09:47:04 2014
09:47 Starting query in neuromatic with 
09:47  < Bist du wach ?
--- Log closed Di Jan 07 09:52:37 2014
--- Log opened Di Jan 07 10:06:41 2014
10:06         quit │  Rika_
--- Log closed Di Jan 07 10:12:37 2014
--- Log opened Di Jan 07 10:29:20 2014
10:29         quit │  Rika_
--- Log closed Di Jan 07 10:34:37 2014
--- Log opened Di Jan 07 10:46:57 2014
10:46         quit │  Rika_
--- Log closed Di Jan 07 10:52:37 2014
--- Log opened Di Jan 07 11:02:03 2014
11:02         quit │  Rika_
--- Log closed Di Jan 07 11:07:37 2014
--- Log opened Di Jan 07 11:29:44 2014
11:29         quit │  Rika_
--- Log closed Di Jan 07 11:35:37 2014
--- Log opened Di Jan 07 11:44:50 2014
11:44         quit │  Rika_
--- Log closed Di Jan 07 11:50:37 2014
--- Log opened Di Jan 07 12:04:58 2014
12:04         quit │  Rika_
--- Log closed Di Jan 07 12:10:37 2014
--- Log opened Di Jan 07 12:52:49 2014
12:52         quit │  Rika_
--- Log closed Di Jan 07 12:58:37 2014
--- Log opened Di Jan 07 13:15:28 2014
13:15         quit │  Rika_
--- Log closed Di Jan 07 13:20:37 2014
--- Log opened Di Jan 07 13:25:32 2014
13:25         quit │  Rika_
--- Log closed Di Jan 07 13:30:37 2014
--- Log opened Di Jan 07 13:50:42 2014
13:50         quit │  Rika_
13:55         quit │  Rika_
--- Log closed Di Jan 07 14:01:37 2014
--- Log opened Di Jan 07 14:03:17 2014
14:03         quit │  Rika_
--- Log closed Di Jan 07 14:08:37 2014
--- Log opened Di Jan 07 14:15:52 2014
14:15         quit │  Rika_
--- Log closed Di Jan 07 14:21:37 2014
--- Log opened Di Jan 07 19:02:45 2014
19:02         quit │  Rika_
--- Log closed Di Jan 07 19:08:38 2014
--- Log opened Di Jan 07 19:15:19 2014
19:15         quit │  Rika_
--- Log closed Di Jan 07 19:20:38 2014
--- Log opened Di Jan 07 19:32:57 2014
19:32         quit │  Rika_
--- Log closed Di Jan 07 19:38:38 2014
--- Log opened Di Jan 07 19:40:30 2014
19:40         quit │  Rika_
--- Log closed Di Jan 07 19:45:38 2014
--- Log opened Di Jan 07 20:33:21 2014
20:33         quit │  Rika_
--- Log closed Di Jan 07 20:38:38 2014
--- Log opened Di Jan 07 21:18:39 2014
21:18         quit │  Rika_
--- Log closed Di Jan 07 21:24:38 2014
--- Log opened Di Jan 07 21:31:14 2014
21:31         quit │  Rika_
--- Log closed Di Jan 07 21:36:38 2014
--- Log opened Di Jan 07 22:19:04 2014
22:19         quit │  Rika_
--- Log closed Di Jan 07 22:24:38 2014
--- Log opened Mi Jan 08 00:04:44 2014
00:04         quit │  Rika_
--- Log closed Mi Jan 08 00:10:38 2014
--- Log opened Mi Jan 08 00:17:19 2014
00:17         quit │  Rika_
--- Log closed Mi Jan 08 00:22:38 2014
--- Log opened Mi Jan 08 00:24:52 2014
00:24         quit │  Rika_
--- Log closed Mi Jan 08 00:30:38 2014
--- Log opened Mi Jan 08 05:42:23 2014
05:42         quit │  Rika_
--- Log closed Mi Jan 08 05:47:38 2014
--- Log opened Mi Jan 08 05:54:58 2014
05:54         quit │  Rika_
--- Log closed Mi Jan 08 06:00:38 2014
--- Log opened Mi Jan 08 06:50:19 2014
06:50         quit │  Rika_
--- Log closed Mi Jan 08 06:55:38 2014
--- Log opened Mi Jan 08 07:15:31 2014
07:15         quit │  Rika_
--- Log closed Mi Jan 08 07:20:38 2014
--- Log opened Mi Jan 08 07:53:18 2014
07:53         quit │  Rika_
--- Log closed Mi Jan 08 07:58:39 2014
--- Log opened Sa Jan 18 21:40:09 2014
21:40 Starting query in neuromatic with 
21:40  < Jidl middl gonä bidl figiddl !
21:41  > Was meinst Du?
21:42  < Böddl köddl föbödl didöddl
21:42  > so many oe's
21:43  < Schreib ihm , du willst seinen Penis in dir spüren
21:43  < wie in den guten alten Zeiten
21:43  > Nein?
21:43  < Wieso ? Hats dir nicht gefallen?
21:43  > Wenn dieses Gespräch so weiter geht, dann werde ich auch Dein Chatfenster schließen…
21:44  < Das kann ich nicht nachvollziehen
21:44  < Penis mais pop
21:44  < plop
21:45  < nabend ^^
21:47  < kleineralsdrei
21:48  > ich kleineralsdrei Dich auch
21:48  < :)
21:52         quit │  Rika_
21:52  > WIeso hast Du mich verlassen?
21:52  < Es wurde Zeit
21:52         quit │  Rika_
21:52  > Du kannst Doch nicht einfach mein Chatfenster schließen…
21:53  < Hab ich nicht
21:53         quit │  Rika_
21:53  < fgdgrtfgfc
21:53         quit │  Rika_
21:53  < fggvvcxv
21:53         quit │  Rika_
21:54  < PENIS
21:55  < Erzähle mir von deinen geheimsten Bedürfnissen
--- Log closed Sa Jan 18 22:00:32 2014
--- Log opened Sa Jan 18 22:01:35 2014
22:01  > Ich wollte immer mal nach Italien und so tun als würde ich dort wohnen
22:02  < Derartiges meinte ich nicht  :D
22:02  > Dann gehe ich richtig in der Annahme, dass Du sexuelles meinst?
22:03  < Aber natürlich .. Oder glaubst du ich meine die Qualität des Toilettenpapiers?
22:04  > Was hat Toilettenpapier mit geheimen Bedürfnissen zutun?
22:04  < Naja was hat Italien damit zutun?
22:05  > Naja, reisen und 'tun-als-ob' Sachen wohl eher als Toilettenpapier
22:06  < Ok , du hast recht ;)
22:06  > Das mein ich auch :P
22:07  < :P Und?
22:07  > Es gibt nichts, dass Du nicht schon wüsstest
22:07  < Sicher..
22:08  > War das Ironie?
22:08  < Ich weiß nicht
22:08  < wahrscheinlich
22:09  > Tja, ist aber so
22:09  < Ok
22:10  > jo
22:10  < gut
--- Log closed Sa Jan 18 22:12:16 2014
--- Log opened Sa Jan 18 22:27:27 2014
22:27 Starting query in neuromatic with 
22:27  < lho fj el,b lüäarjznhgwcd
22:27         quit │  Rika_
--- Log closed Sa Jan 18 22:32:32 2014
--- Log opened So Jan 26 16:22:13 2014
16:22 Starting query in neuromatic with 
16:22  < Kleineralsdrei
16:22         quit │  Rika_
16:22  > <kleineralsdreiauch>
16:22  < Juhuuuu *-*
16:22         quit │  Rika_
16:23  > <("<)
16:27         quit │  Rika_
16:32         quit │  Rika_
16:35  < PENIS
16:35         quit │  Rika_
16:39         quit │  Rika_
16:40  > pEnIs
16:40  < Muschi
16:40         quit │  Rika_
16:40  > mUsChI
16:41  < Hoden
16:41         quit │  Rika_
16:41  > |-|0d3|\|
16:41  < Vulva
16:41         quit │  Rika_
16:42  > \/µ1\/4
16:42  < Klitoris
16:43  > |<1!70|21$
16:43  < Cervixschleim
16:44  > <3|2\/1X$<|-|13!/\/\
16:47  > http://paste.unixhub.net/index.php/Zx3/
16:49         quit │  Rika_
16:54  > 1 |_0\/3 y0µ
16:54  < gdäfpjgujöcrd
16:54         quit │  Rika_
16:57         quit │  Rika_
17:02         quit │  Rika_
--- Log closed So Jan 26 17:07:32 2014
--- Log opened So Jan 26 17:58:51 2014
17:58 Starting query in neuromatic with 
17:58  > Lee
17:58  > http://i0.kym-cdn.com/photos/images/original/000/101/781/Y0UJC.png
--- Log closed So Jan 26 18:04:32 2014
--- Log opened So Jan 26 23:17:18 2014
23:17         quit │  Rika_
--- Log closed So Jan 26 23:22:32 2014
--- Log opened So Jan 26 23:32:42 2014
23:32  > http://www.amazon.de/Star-Wars-Knights-Republic-Lords/dp/B00009P51L
23:37         quit │  Rika_
--- Log closed So Jan 26 23:42:33 2014
--- Log opened Do Jan 30 21:55:20 2014
21:55 Starting query in neuromatic with 
21:55  > http://www.youtube.com/watch?v=gHSVjIUml50
--- Log closed Do Jan 30 22:00:34 2014
--- Log opened Do Jan 30 22:17:30 2014
22:17         quit │  Rika_
--- Log closed Do Jan 30 22:22:34 2014
