--- Log opened Do Jan 02 14:30:00 2014
14:30 Starting query in neuromatic with 
14:30  < Heyho
--- Log closed Do Jan 02 14:35:51 2014
--- Log opened Do Jan 02 14:39:24 2014
14:39         quit │  Sebastian_
--- Log closed Do Jan 02 14:44:51 2014
--- Log opened Do Jan 02 15:59:56 2014
15:59         quit │  Sebastian_
--- Log closed Do Jan 02 16:05:51 2014
--- Log opened Do Jan 02 17:53:11 2014
17:53         quit │  Sebastian_
--- Log closed Do Jan 02 17:58:51 2014
--- Log opened Do Jan 02 19:28:50 2014
19:28         quit │  Sebastian_
--- Log closed Do Jan 02 19:33:51 2014
--- Log opened Do Jan 02 19:36:23 2014
19:36         quit │  Sebastian_
--- Log closed Do Jan 02 19:41:51 2014
--- Log opened Do Jan 02 19:43:56 2014
19:43         quit │  Sebastian_
--- Log closed Do Jan 02 19:49:51 2014
--- Log opened Do Jan 02 20:16:38 2014
20:16         quit │  Sebastian_
20:21         quit │  Sebastian_
--- Log closed Do Jan 02 20:26:51 2014
--- Log opened Do Jan 02 20:31:44 2014
20:31         quit │  Sebastian_
--- Log closed Do Jan 02 20:36:51 2014
